Active-HDL 10.3.3558.6081  2020-12-08 20:28:40

Elaboration top modules:
Architecture                  testmain(testbench)


---------------------------------------------------------------------------------------------
Entity     | Architecture | Library | Info | Compiler Version          | Compilation Options
---------------------------------------------------------------------------------------------
testbench  | testmain     | work    |      | 10.3.3558.6081  (Windows) | -dbg
cpu2system | arch         | work    |      | 10.3.3558.6081  (Windows) | -dbg
CPU8BIT2   | CPU_ARCH     | work    |      | 10.3.3558.6081  (Windows) | -dbg
sram64kx8  | sram_syn     | work    |      | 10.3.3558.6081  (Windows) | -dbg
---------------------------------------------------------------------------------------------

---------------------------------------------------------------------------------------------
VHDL Package              | Library | Info | Compiler Version          | Compilation Options
---------------------------------------------------------------------------------------------
standard                  | std     |      |                           | <unavailable>
TEXTIO                    | std     |      | 10.3.3558.6081  (Windows) |  -2008
std_logic_1164            | ieee    |      | 10.3.3558.6081  (Windows) |  -2008
std_logic_arith           | ieee    |      | 10.3.3558.6081  (Windows) | <unavailable>
STD_LOGIC_UNSIGNED        | ieee    |      | 10.3.3558.6081  (Windows) | <unavailable>
NUMERIC_STD               | ieee    |      | 10.3.3558.6081  (Windows) |  -2008
---------------------------------------------------------------------------------------------

---------------------------------------------------------------------------------------------
Library                   | Comment
---------------------------------------------------------------------------------------------
ieee                      | Standard IEEE packages library
std                       | Standard VHDL library
work                      | None
---------------------------------------------------------------------------------------------
