designverincludedir -clear
designverlibrarysim -PL -clear
designverlibrarysim -L -clear
designverlibrarysim -PL pmi_work
designverlibrarysim ovi_machxo2
designverdefinemacro -clear
addfile C:/Users/70735/Desktop/CPU/CPU/sram64kx8_syn.vhd
# Adding file C:\Users\70735\Desktop\CPU\CPU\sram64kx8_syn.vhd ... Done
addfile C:/Users/70735/Desktop/CPU/CPU/tb02cpu2.vhd
# Adding file C:\Users\70735\Desktop\CPU\CPU\tb02cpu2.vhd ... Done
addfile C:/Users/70735/Desktop/CPU/CPU/cpu2system.vhd
# Adding file C:\Users\70735\Desktop\CPU\CPU\cpu2system.vhd ... Done
addfile C:/Users/70735/Desktop/CPU/CPU/testbench.vhd
# Adding file C:\Users\70735\Desktop\CPU\CPU\testbench.vhd ... Done
vlib C:/Users/70735/Desktop/CPU/CPU/work
# Warning: Library work already exists
adel -all
# Library contents cleared.
vcom -dbg -work work C:/Users/70735/Desktop/CPU/CPU/sram64kx8_syn.vhd
# File: C:\Users\70735\Desktop\CPU\CPU\sram64kx8_syn.vhd
# Compile Entity "sram64kx8"
# Compile Architecture "sram_syn" of Entity "sram64kx8"
# Compile success 0 Errors 0 Warnings  Analysis time :  1.0 [s]
vcom -dbg -work work C:/Users/70735/Desktop/CPU/CPU/tb02cpu2.vhd
# File: C:\Users\70735\Desktop\CPU\CPU\tb02cpu2.vhd
# Compile Entity "CPU8BIT2"
# Compile Architecture "CPU_ARCH" of Entity "CPU8BIT2"
# Compile success 0 Errors 0 Warnings  Analysis time :  0.4 [s]
vcom -dbg -work work C:/Users/70735/Desktop/CPU/CPU/cpu2system.vhd
# File: C:\Users\70735\Desktop\CPU\CPU\cpu2system.vhd
# Compile Entity "cpu2system"
# Compile Architecture "arch" of Entity "cpu2system"
# Compile success 0 Errors 0 Warnings  Analysis time :  0.2 [s]
vcom -dbg -work work C:/Users/70735/Desktop/CPU/CPU/testbench.vhd
# File: C:\Users\70735\Desktop\CPU\CPU\testbench.vhd
# Compile Entity "testbench"
# Compile Architecture "testmain" of Entity "testbench"
# Compile success 0 Errors 0 Warnings  Analysis time :  0.1 [s]
entity testbench
# ELBREAD: Elaboration process.
# ELBREAD: Elaboration time 0.1 [s].
vsim +access +r testbench -PL pmi_work -L ovi_machxo2
# ELBREAD: Elaboration process.
# ELBREAD: Elaboration time 0.0 [s].
# VSIM: Stack memory: 32MB
# VSIM: Retval memory: 32MB
# 
# KERNEL: Main thread initiated.
# KERNEL: Kernel process initialization phase.
# KERNEL: Time resolution set to 1ps.
# ELAB2: Elaboration final pass...
# ELAB2: Create instances ...
# ELAB2: Create instances complete.
# SLP: Started
# SLP: Elaboration phase ...
# SLP: Elaboration phase ... skipped, nothing to simulate in SLP mode : 0.0 [s]
# SLP: Finished : 0.0 [s]
# ELAB2: Elaboration final pass complete - time: 0.4 [s].
# KERNEL: Warning: You are using the Active-HDL Lattice Edition. The performance of simulation is running at a reduced rate.
# KERNEL: Warning: Contact Aldec for available upgrade options - sales@aldec.com.
# KERNEL: Kernel process initialization done.
# Allocation: Simulator allocated 7244 kB (elbread=1280 elab2=5812 kernel=152 sdf=0)
# KERNEL: ASDB file was created in location C:\Users\70735\Desktop\CPU\CPU\src\wave.asdb
#  20:25, 2020年12月8日
#  Simulation has been initialized
add wave *
# 2 signal(s) traced.
run 1000ns
# Waveform file 'untitled.awc' connected to 'C:/Users/70735/Desktop/CPU/CPU/src/wave.asdb'.
# KERNEL: WARNING: NUMERIC_STD.TO_INTEGER: metavalue detected, returning 0
# KERNEL: Time: 0 ps,  Iteration: 2,  Instance: /testbench/SYS/RAM,  Process: line__52.
# KERNEL: stopped at time: 1 us
# add wave -noreg {/testbench/SYS/oe}
# 1 signal(s) traced.
# add wave -noreg {/testbench/SYS/we}
# 1 signal(s) traced.
# add wave -noreg {/testbench/SYS/data}
# 1 signal(s) traced.
# add wave -noreg {/testbench/SYS/CPU/adress}
# 1 signal(s) traced.
# add wave -noreg {/testbench/SYS/CPU/states}
# 1 signal(s) traced.
# add wave -noreg {/testbench/SYS/CPU/akku_o}
# 1 signal(s) traced.
restart
# ELBREAD: Elaboration process.
# ELBREAD: Elaboration time 0.0 [s].
# 
# KERNEL: Main thread initiated.
# KERNEL: Kernel process initialization phase.
# KERNEL: Time resolution set to 1ps.
# ELAB2: Elaboration final pass...
# ELAB2: Create instances ...
# ELAB2: Create instances complete.
# SLP: Started
# SLP: Elaboration phase ...
# SLP: Elaboration phase ... skipped, nothing to simulate in SLP mode : 0.0 [s]
# SLP: Finished : 0.0 [s]
# ELAB2: Elaboration final pass complete - time: 0.1 [s].
# KERNEL: Warning: You are using the Active-HDL Lattice Edition. The performance of simulation is running at a reduced rate.
# KERNEL: Warning: Contact Aldec for available upgrade options - sales@aldec.com.
# KERNEL: Kernel process initialization done.
# Allocation: Simulator allocated 7244 kB (elbread=1280 elab2=5812 kernel=152 sdf=0)
# KERNEL: ASDB file was created in location C:\Users\70735\Desktop\CPU\CPU\src\wave.asdb
#  20:28, 2020年12月8日
#  Simulation has been initialized
# Waveform file 'untitled.awc' connected to 'C:/Users/70735/Desktop/CPU/CPU/src/wave.asdb'.
run
# KERNEL: WARNING: NUMERIC_STD.TO_INTEGER: metavalue detected, returning 0
# KERNEL: Time: 0 ps,  Iteration: 2,  Instance: /testbench/SYS/RAM,  Process: line__52.
# KERNEL: stopped at time: 3726950 ns
# Waveform file 'C:/Users/70735/Desktop/CPU/CPU/src/untitled.awc' connected to 'C:/Users/70735/Desktop/CPU/CPU/src/untitled.asdb'.
# Adding file C:\Users\70735\Desktop\CPU\CPU\src\untitled.asdb ... Done
# Adding file C:\Users\70735\Desktop\CPU\CPU\src\untitled.awc ... Done
