
synthesis -f "lab1_impl1_lattice.synproj"
synthesis:  version Diamond (64-bit) 3.10.0.111.2

Copyright (c) 1991-1994 by NeoCAD Inc. All rights reserved.
Copyright (c) 1995 AT&T Corp.   All rights reserved.
Copyright (c) 1995-2001 Lucent Technologies Inc.  All rights reserved.
Copyright (c) 2001 Agere Systems   All rights reserved.
Copyright (c) 2002-2017 Lattice Semiconductor Corporation,  All rights reserved.
Wed Dec 09 21:38:42 2020


Command Line:  synthesis -f lab1_impl1_lattice.synproj -gui -msgset C:/Users/70735/Desktop/lab1/promote.xml 

    <postMsg mid="35002000" type="Info"    dynamic="0" navigation="0"  />
Synthesis options:
The -a option is MachXO2.
The -s option is 4.
The -t option is CSBGA132.
The -d option is LCMXO2-4000HC.
Using package CSBGA132.
Using performance grade 4.
                                                          

##########################################################

### Lattice Family : MachXO2

### Device  : LCMXO2-4000HC

### Package : CSBGA132

### Speed   : 4

##########################################################

                                                          

    <postMsg mid="35001781" type="Info"    dynamic="0" navigation="0"  />
Optimization goal = Balanced
Top-level module name = Lab1.
Target frequency = 200.000000 MHz.
Maximum fanout = 1000.
Timing path count = 3
BRAM utilization = 100.000000 %
DSP usage = true
DSP utilization = 100.000000 %
fsm_encoding_style = auto
resolve_mixed_drivers = 0
fix_gated_clocks = 1

Mux style = Auto
Use Carry Chain = true
carry_chain_length = 0
Loop Limit = 1950.
Use IO Insertion = TRUE
Use IO Reg = AUTO

Resource Sharing = TRUE
Propagate Constants = TRUE
Remove Duplicate Registers = TRUE
force_gsr = auto
ROM style = auto
RAM style = auto
The -comp option is FALSE.
The -syn option is FALSE.
-p E:/Diamond/diamond/3.10_x64/ispfpga/xo2c00/data (searchpath added)
-p C:/Users/70735/Desktop/lab1/impl1 (searchpath added)
-p C:/Users/70735/Desktop/lab1 (searchpath added)
VHDL library = work
VHDL design file = C:/Users/70735/Desktop/lab1/impl1/source/lab1.vhd
NGD file = lab1_impl1.ngd
-sdc option: SDC file input not used.
-lpf option: Output file option is ON.
Hardtimer checking is enabled (default). The -dt option is not used.
The -r option is OFF. [ Remove LOC Properties is OFF. ]
Technology check ok...

Analyzing Verilog file E:/Diamond/diamond/3.10_x64/ispfpga/userware/NT/SYNTHESIS_HEADERS/machxo2.v. VERI-1482
Compile design.
Compile Design Begin
    <postMsg mid="35921504" type="Info"    dynamic="2" navigation="0" arg0="" arg1="C:/Users/70735/Desktop/lab1/impl1"  />
Analyzing VHDL file c:/users/70735/desktop/lab1/impl1/source/lab1.vhd. VHDL-1481
    <postMsg mid="35921012" type="Info"    dynamic="2" navigation="2" arg0="c:/users/70735/desktop/lab1/impl1/source/lab1.vhd(4): " arg1="lab1" arg2="c:/users/70735/desktop/lab1/impl1/source/lab1.vhd" arg3="4"  />
    <postMsg mid="35921010" type="Info"    dynamic="2" navigation="2" arg0="c:/users/70735/desktop/lab1/impl1/source/lab1.vhd(19): " arg1="default_arch" arg2="c:/users/70735/desktop/lab1/impl1/source/lab1.vhd" arg3="19"  />
unit Lab1 is not yet analyzed. VHDL-1485
unit Lab1 is not yet analyzed. VHDL-1485
c:/users/70735/desktop/lab1/impl1/source/lab1.vhd(4): executing Lab1(Default_arch)

    <postMsg mid="35921172" type="Info"    dynamic="1" navigation="2" arg0="c:/users/70735/desktop/lab1/impl1/source/lab1.vhd(74): " arg1="c:/users/70735/desktop/lab1/impl1/source/lab1.vhd" arg2="74"  />
    <postMsg mid="35921172" type="Info"    dynamic="1" navigation="2" arg0="c:/users/70735/desktop/lab1/impl1/source/lab1.vhd(101): " arg1="c:/users/70735/desktop/lab1/impl1/source/lab1.vhd" arg2="101"  />
    <postMsg mid="35921172" type="Info"    dynamic="1" navigation="2" arg0="c:/users/70735/desktop/lab1/impl1/source/lab1.vhd(267): " arg1="c:/users/70735/desktop/lab1/impl1/source/lab1.vhd" arg2="267"  />
    <postMsg mid="35921205" type="Warning" dynamic="3" navigation="2" arg0="c:/users/70735/desktop/lab1/impl1/source/lab1.vhd(17): " arg1="Lab1" arg2="Default_arch" arg3="c:/users/70735/desktop/lab1/impl1/source/lab1.vhd" arg4="17"  />
Top module name (VHDL): Lab1
Last elaborated design is Lab1(Default_arch)
Loading NGL library 'E:/Diamond/diamond/3.10_x64/ispfpga/xo2c00a/data/xo2alib.ngl'...
Loading NGL library 'E:/Diamond/diamond/3.10_x64/ispfpga/xo2c00/data/xo2clib.ngl'...
Loading NGL library 'E:/Diamond/diamond/3.10_x64/ispfpga/mg5g00/data/mg5glib.ngl'...
Loading NGL library 'E:/Diamond/diamond/3.10_x64/ispfpga/or5g00/data/orc5glib.ngl'...
Loading device for application map from file 'xo2c4000.nph' in environment: E:/Diamond/diamond/3.10_x64/ispfpga.
Package Status:                     Final          Version 1.44.
Top-level module name = Lab1.



    <postMsg mid="35001747" type="Warning" dynamic="2" navigation="0" arg0="0" arg1="seven_segment_disp_left"  />
    <postMsg mid="35001747" type="Warning" dynamic="2" navigation="0" arg0="1" arg1="seven_segment_disp_left"  />
    <postMsg mid="35001747" type="Warning" dynamic="2" navigation="0" arg0="2" arg1="seven_segment_disp_left"  />
    <postMsg mid="35001747" type="Warning" dynamic="2" navigation="0" arg0="3" arg1="seven_segment_disp_left"  />
    <postMsg mid="35001747" type="Warning" dynamic="2" navigation="0" arg0="6" arg1="seven_segment_disp_left"  />
    <postMsg mid="35935013" type="Warning" dynamic="2" navigation="2" arg0="c:/users/70735/desktop/lab1/impl1/source/lab1.vhd(333): " arg1="segment_switch_flag_i28" arg2="c:/users/70735/desktop/lab1/impl1/source/lab1.vhd" arg3="333"  />
GSR will not be inferred because no asynchronous signal was found in the netlist.
Duplicate register/latch removal. seven_segment_disp_left__i1 is a one-to-one match with seven_segment_disp_left__i2.
Applying 200.000000 MHz constraint to all clocks

    <postMsg mid="35001611" type="Warning" dynamic="0" navigation="0"  />
Results of NGD DRC are available in Lab1_drc.log.
Loading NGL library 'E:/Diamond/diamond/3.10_x64/ispfpga/xo2c00a/data/xo2alib.ngl'...
Loading NGL library 'E:/Diamond/diamond/3.10_x64/ispfpga/xo2c00/data/xo2clib.ngl'...
Loading NGL library 'E:/Diamond/diamond/3.10_x64/ispfpga/mg5g00/data/mg5glib.ngl'...
Loading NGL library 'E:/Diamond/diamond/3.10_x64/ispfpga/or5g00/data/orc5glib.ngl'...


Running DRC...

DRC complete with no errors or warnings

Design Results:
    583 blocks expanded
completed the first expansion
All blocks are expanded and NGD expansion is successful.
Writing NGD file lab1_impl1.ngd.

################### Begin Area Report (Lab1)######################
Number of register bits => 130 of 4635 (2 % )
CCU2D => 95
FD1P3AX => 19
FD1P3AY => 8
FD1P3IX => 56
FD1P3JX => 1
FD1S3AX => 34
FD1S3AY => 1
FD1S3IX => 7
FD1S3JX => 4
GSR => 1
IB => 9
INV => 1
L6MUX21 => 4
LUT4 => 296
OB => 23
PFUMX => 21
################### End Area Report ##################

################### Begin BlackBox Report ######################
TSALL => 1
################### End BlackBox Report ##################

################### Begin Clock Report ######################
Clock Nets
Number of Clocks: 2
  Net : sck_c_c, loads : 95
  Net : state_clk, loads : 3
Clock Enable Nets
Number of Clock Enables: 18
Top 10 highest fanout Clock Enables:
  Net : sck_c_c_enable_61, loads : 32
  Net : sck_c_c_enable_57, loads : 20
  Net : button_flag, loads : 19
  Net : sck_c_c_enable_63, loads : 18
  Net : sck_c_c_enable_16, loads : 5
  Net : sck_c_c_enable_15, loads : 4
  Net : sck_c_c_enable_62, loads : 2
  Net : sck_c_c_enable_11, loads : 1
  Net : clk_N_600_enable_3, loads : 1
  Net : button_flag_N_784, loads : 1
Highest fanout non-clock nets
Top 10 highest fanout non-clock nets:
  Net : n8240, loads : 94
  Net : n63, loads : 59
  Net : segment_switch_flag_0, loads : 40
  Net : clk_N_600, loads : 35
  Net : n8239, loads : 33
  Net : n8237, loads : 33
  Net : sck_c_c_enable_61, loads : 32
  Net : row_now_3_N_36_3, loads : 30
  Net : row_c_1, loads : 28
  Net : row_c_2, loads : 25
################### End Clock Report ##################

Timing Report Summary
--------------
--------------------------------------------------------------------------------
Constraint                              |   Constraint|       Actual|Levels
--------------------------------------------------------------------------------
                                        |             |             |
create_clock -period 5.000000 -name     |             |             |
clk1 [get_nets state_clk]               |  200.000 MHz|  266.454 MHz|     2  
                                        |             |             |
create_clock -period 5.000000 -name     |             |             |
clk0 [get_nets sck_c_c]                 |  200.000 MHz|   43.146 MHz|    13 *
                                        |             |             |
--------------------------------------------------------------------------------


1 constraints not met.


Peak Memory Usage: 90.793  MB

--------------------------------------------------------------
Elapsed CPU time for LSE flow : 10.828  secs
--------------------------------------------------------------

map -a "MachXO2" -p LCMXO2-4000HC -t CSBGA132 -s 4 -oc Commercial   "lab1_impl1.ngd" -o "lab1_impl1_map.ncd" -pr "lab1_impl1.prf" -mp "lab1_impl1.mrp" -lpf "C:/Users/70735/Desktop/lab1/impl1/lab1_impl1.lpf" -lpf "C:/Users/70735/Desktop/lab1/lab1.lpf" -c 0            
map:  version Diamond (64-bit) 3.10.0.111.2

Copyright (c) 1991-1994 by NeoCAD Inc. All rights reserved.
Copyright (c) 1995 AT&T Corp.   All rights reserved.
Copyright (c) 1995-2001 Lucent Technologies Inc.  All rights reserved.
Copyright (c) 2001 Agere Systems   All rights reserved.
Copyright (c) 2002-2017 Lattice Semiconductor Corporation,  All rights reserved.
   Process the file: lab1_impl1.ngd
   Picdevice="LCMXO2-4000HC"

   Pictype="CSBGA132"

   Picspeed=4

   Remove unused logic

   Do not produce over sized NCDs.

Part used: LCMXO2-4000HCCSBGA132, Performance used: 4.

Loading device for application map from file 'xo2c4000.nph' in environment: E:/Diamond/diamond/3.10_x64/ispfpga.
Package Status:                     Final          Version 1.44.

Running general design DRC...

Removing unused logic...

Optimizing...




Design Summary:
   Number of registers:    130 out of  4635 (3%)
      PFU registers:          130 out of  4320 (3%)
      PIO registers:            0 out of   315 (0%)
   Number of SLICEs:       245 out of  2160 (11%)
      SLICEs as Logic/ROM:    245 out of  2160 (11%)
      SLICEs as RAM:            0 out of  1620 (0%)
      SLICEs as Carry:         95 out of  2160 (4%)
   Number of LUT4s:        486 out of  4320 (11%)
      Number used as logic LUTs:        296
      Number used as distributed RAM:     0
      Number used as ripple logic:      190
      Number used as shift registers:     0
   Number of PIO sites used: 32 + 4(JTAG) out of 105 (34%)
   Number of block RAMs:  0 out of 10 (0%)
   Number of GSRs:  0 out of 1 (0%)
   EFB used :       No
   JTAG used :      No
   Readback used :  No
   Oscillator used :  No
   Startup used :   No
   POR :            On
   Bandgap :        On
   Number of Power Controller:  0 out of 1 (0%)
   Number of Dynamic Bank Controller (BCINRD):  0 out of 6 (0%)
   Number of Dynamic Bank Controller (BCLVDSO):  0 out of 1 (0%)
   Number of DCCA:  0 out of 8 (0%)
   Number of DCMA:  0 out of 2 (0%)
   Number of PLLs:  0 out of 2 (0%)
   Number of DQSDLLs:  0 out of 2 (0%)
   Number of CLKDIVC:  0 out of 4 (0%)
   Number of ECLKSYNCA:  0 out of 4 (0%)
   Number of ECLKBRIDGECS:  0 out of 2 (0%)
   Notes:-
      1. Total number of LUT4s = (Number of logic LUT4s) + 2*(Number of distributed RAMs) + 2*(Number of ripple logic)
      2. Number of logic LUT4s does not include count of distributed RAM and ripple logic.
   Number of clocks:  2
     Net sck_c_c: 75 loads, 56 rising, 19 falling (Driver: PIO clk )
     Net state_clk: 2 loads, 2 rising, 0 falling (Driver: state_clk_259 )
   Number of Clock Enables:  18
     Net clk_N_600_enable_3: 1 loads, 1 LSLICEs
     Net sck_c_c_enable_63: 9 loads, 9 LSLICEs
     Net button_flag: 9 loads, 9 LSLICEs
     Net button_flag_N_784: 1 loads, 1 LSLICEs
     Net sck_c_c_enable_16: 2 loads, 2 LSLICEs
     Net sck_c_c_enable_15: 2 loads, 2 LSLICEs
     Net sck_c_c_enable_5: 1 loads, 1 LSLICEs
     Net clk_N_600_enable_1: 1 loads, 1 LSLICEs
     Net clk_N_600_enable_2: 1 loads, 1 LSLICEs
     Net sck_c_c_enable_61: 8 loads, 8 LSLICEs
     Net sck_c_c_enable_11: 1 loads, 1 LSLICEs
     Net sck_c_c_enable_12: 1 loads, 1 LSLICEs
     Net sck_c_c_enable_57: 10 loads, 10 LSLICEs
     Net sck_c_c_enable_62: 1 loads, 1 LSLICEs
     Net sck_c_c_enable_43: 1 loads, 1 LSLICEs
     Net sck_c_c_enable_44: 1 loads, 1 LSLICEs
     Net sck_c_c_enable_59: 1 loads, 1 LSLICEs
     Net sck_c_c_enable_60: 1 loads, 1 LSLICEs
   Number of LSRs:  7
     Net n5097: 9 loads, 9 LSLICEs
     Net scan_state_1: 2 loads, 2 LSLICEs
     Net sck_c_c_enable_61: 10 loads, 10 LSLICEs
     Net n5098: 10 loads, 10 LSLICEs
     Net n3766: 1 loads, 1 LSLICEs
     Net n5096: 4 loads, 4 LSLICEs
     Net n5133: 2 loads, 2 LSLICEs
   Number of nets driven by tri-state buffers:  0
   Top 10 highest fanout non-clock nets:
     Net n8240: 94 loads
     Net n63: 59 loads
     Net segment_switch_flag_0: 40 loads
     Net n8237: 33 loads
     Net n8239: 33 loads
     Net row_now_3_N_36_3: 32 loads
     Net row_c_1: 28 loads
     Net row_c_0: 25 loads
     Net row_c_2: 25 loads
     Net row_now_3: 22 loads
 

   Number of warnings:  0
   Number of errors:    0



Total CPU Time: 3 secs  
Total REAL Time: 6 secs  
Peak Memory Usage: 52 MB

Dumping design to file lab1_impl1_map.ncd.

ncd2vdb "lab1_impl1_map.ncd" ".vdbs/lab1_impl1_map.vdb"

Loading device for application ncd2vdb from file 'xo2c4000.nph' in environment: E:/Diamond/diamond/3.10_x64/ispfpga.

trce -f "lab1_impl1.mt" -o "lab1_impl1.tw1" "lab1_impl1_map.ncd" "lab1_impl1.prf"
trce:  version Diamond (64-bit) 3.10.0.111.2

Copyright (c) 1991-1994 by NeoCAD Inc. All rights reserved.
Copyright (c) 1995 AT&T Corp.   All rights reserved.
Copyright (c) 1995-2001 Lucent Technologies Inc.  All rights reserved.
Copyright (c) 2001 Agere Systems   All rights reserved.
Copyright (c) 2002-2017 Lattice Semiconductor Corporation,  All rights reserved.

Loading design for application trce from file lab1_impl1_map.ncd.
Design name: Lab1
NCD version: 3.3
Vendor:      LATTICE
Device:      LCMXO2-4000HC
Package:     CSBGA132
Performance: 4
Loading device for application trce from file 'xo2c4000.nph' in environment: E:/Diamond/diamond/3.10_x64/ispfpga.
Package Status:                     Final          Version 1.44.
Performance Hardware Data Status:   Final          Version 34.4.
Setup and Hold Report

--------------------------------------------------------------------------------
Lattice TRACE Report - Setup, Version Diamond (64-bit) 3.10.0.111.2
Wed Dec 09 21:39:09 2020

Copyright (c) 1991-1994 by NeoCAD Inc. All rights reserved.
Copyright (c) 1995 AT&T Corp.   All rights reserved.
Copyright (c) 1995-2001 Lucent Technologies Inc.  All rights reserved.
Copyright (c) 2001 Agere Systems   All rights reserved.
Copyright (c) 2002-2017 Lattice Semiconductor Corporation,  All rights reserved.

Report Information
------------------
Command line:    trce -v 1 -gt -mapchkpnt 0 -sethld -o lab1_impl1.tw1 -gui -msgset C:/Users/70735/Desktop/lab1/promote.xml lab1_impl1_map.ncd lab1_impl1.prf 
Design file:     lab1_impl1_map.ncd
Preference file: lab1_impl1.prf
Device,speed:    LCMXO2-4000HC,4
Report level:    verbose report, limited to 1 item per preference
--------------------------------------------------------------------------------

Report Type:     based on TRACE automatically generated preferences
BLOCK ASYNCPATHS
BLOCK RESETPATHS
--------------------------------------------------------------------------------



Timing summary (Setup):
---------------

Timing errors: 4097  Score: 34769379
Cumulative negative slack: 34769379

Constraints cover 225696 paths, 3 nets, and 1696 connections (91.87% coverage)

--------------------------------------------------------------------------------
Lattice TRACE Report - Hold, Version Diamond (64-bit) 3.10.0.111.2
Wed Dec 09 21:39:11 2020

Copyright (c) 1991-1994 by NeoCAD Inc. All rights reserved.
Copyright (c) 1995 AT&T Corp.   All rights reserved.
Copyright (c) 1995-2001 Lucent Technologies Inc.  All rights reserved.
Copyright (c) 2001 Agere Systems   All rights reserved.
Copyright (c) 2002-2017 Lattice Semiconductor Corporation,  All rights reserved.

Report Information
------------------
Command line:    trce -v 1 -gt -mapchkpnt 0 -sethld -o lab1_impl1.tw1 -gui -msgset C:/Users/70735/Desktop/lab1/promote.xml lab1_impl1_map.ncd lab1_impl1.prf 
Design file:     lab1_impl1_map.ncd
Preference file: lab1_impl1.prf
Device,speed:    LCMXO2-4000HC,M
Report level:    verbose report, limited to 1 item per preference
--------------------------------------------------------------------------------

BLOCK ASYNCPATHS
BLOCK RESETPATHS
--------------------------------------------------------------------------------



Timing summary (Hold):
---------------

Timing errors: 0  Score: 0
Cumulative negative slack: 0

Constraints cover 225696 paths, 3 nets, and 1749 connections (94.75% coverage)



Timing summary (Setup and Hold):
---------------

Timing errors: 4097 (setup), 0 (hold)
Score: 34769379 (setup), 0 (hold)
Cumulative negative slack: 34769379 (34769379+0)
--------------------------------------------------------------------------------

--------------------------------------------------------------------------------

Total time: 4 secs 

ldbanno "lab1_impl1_map.ncd" -n Verilog -o "lab1_impl1_mapvo.vo" -w -neg
ldbanno: version Diamond (64-bit) 3.10.0.111.2
Copyright (c) 1991-1994 by NeoCAD Inc. All rights reserved.
Copyright (c) 1995 AT&T Corp.   All rights reserved.
Copyright (c) 1995-2001 Lucent Technologies Inc.  All rights reserved.
Copyright (c) 2001 Agere Systems   All rights reserved.
Copyright (c) 2002-2017 Lattice Semiconductor Corporation,  All rights reserved.

Writing a Verilog netlist using the orca library type based on the lab1_impl1_map design file.


Loading design for application ldbanno from file lab1_impl1_map.ncd.
Design name: Lab1
NCD version: 3.3
Vendor:      LATTICE
Device:      LCMXO2-4000HC
Package:     CSBGA132
Performance: 4
Loading device for application ldbanno from file 'xo2c4000.nph' in environment: E:/Diamond/diamond/3.10_x64/ispfpga.
Package Status:                     Final          Version 1.44.
Performance Hardware Data Status:   Final          Version 34.4.
Converting design lab1_impl1_map.ncd into .ldb format.
Writing Verilog netlist to file lab1_impl1_mapvo.vo
Writing SDF timing to file lab1_impl1_mapvo.sdf
    <postMsg mid="35400250" type="Info"    dynamic="1" navigation="0" arg0="0"  />

ldbanno "lab1_impl1_map.ncd" -n VHDL -o "lab1_impl1_mapvho.vho" -w -neg
ldbanno: version Diamond (64-bit) 3.10.0.111.2
Copyright (c) 1991-1994 by NeoCAD Inc. All rights reserved.
Copyright (c) 1995 AT&T Corp.   All rights reserved.
Copyright (c) 1995-2001 Lucent Technologies Inc.  All rights reserved.
Copyright (c) 2001 Agere Systems   All rights reserved.
Copyright (c) 2002-2017 Lattice Semiconductor Corporation,  All rights reserved.

Writing a VHDL netlist using the orca library type based on the lab1_impl1_map design file.


Loading design for application ldbanno from file lab1_impl1_map.ncd.
Design name: Lab1
NCD version: 3.3
Vendor:      LATTICE
Device:      LCMXO2-4000HC
Package:     CSBGA132
Performance: 4
Loading device for application ldbanno from file 'xo2c4000.nph' in environment: E:/Diamond/diamond/3.10_x64/ispfpga.
Package Status:                     Final          Version 1.44.
Performance Hardware Data Status:   Final          Version 34.4.
Converting design lab1_impl1_map.ncd into .ldb format.
Writing VHDL netlist to file lab1_impl1_mapvho.vho
Writing SDF timing to file lab1_impl1_mapvho.sdf
    <postMsg mid="35400250" type="Info"    dynamic="1" navigation="0" arg0="0"  />

mpartrce -p "lab1_impl1.p2t" -f "lab1_impl1.p3t" -tf "lab1_impl1.pt" "lab1_impl1_map.ncd" "lab1_impl1.ncd"

---- MParTrce Tool ----
Removing old design directory at request of -rem command line option to this program.
Running par. Please wait . . .

Lattice Place and Route Report for Design "lab1_impl1_map.ncd"
Wed Dec 09 21:39:26 2020

PAR: Place And Route Diamond (64-bit) 3.10.0.111.2.
Command Line: par -w -l 5 -i 6 -t 1 -c 0 -e 0 -gui -msgset C:/Users/70735/Desktop/lab1/promote.xml -exp parUseNBR=1:parCDP=0:parCDR=0:parPathBased=OFF lab1_impl1_map.ncd lab1_impl1.dir/5_1.ncd lab1_impl1.prf
Preference file: lab1_impl1.prf.
Placement level-cost: 5-1.
Routing Iterations: 6

Loading design for application par from file lab1_impl1_map.ncd.
Design name: Lab1
NCD version: 3.3
Vendor:      LATTICE
Device:      LCMXO2-4000HC
Package:     CSBGA132
Performance: 4
Loading device for application par from file 'xo2c4000.nph' in environment: E:/Diamond/diamond/3.10_x64/ispfpga.
Package Status:                     Final          Version 1.44.
Performance Hardware Data Status:   Final          Version 34.4.
License checked out.


Ignore Preference Error(s):  True
Device utilization summary:

   PIO (prelim)   32+4(JTAG)/280     13% used
                  32+4(JTAG)/105     34% bonded

   SLICE            245/2160         11% used



Number of Signals: 633
Number of Connections: 1846
    <postMsg mid="61001101" type="Warning" dynamic="0" navigation="0"  />

Pin Constraint Summary:
   32 out of 32 pins locked (100% locked).

The following 1 signal is selected to use the primary clock routing resources:
    sck_c_c (driver: clk, clk load #: 75)

    <postMsg mid="61061008" type="Warning" dynamic="5" navigation="0" arg0="sck_c_c" arg1="Primary" arg2="clk" arg3="C1" arg4="Primary"  />

The following 3 signals are selected to use the secondary clock routing resources:
    sck_c_c_enable_61 (driver: SLICE_171, clk load #: 0, sr load #: 10, ce load #: 8)
    sck_c_c_enable_57 (driver: SLICE_161, clk load #: 0, sr load #: 0, ce load #: 10)
    n5098 (driver: SLICE_247, clk load #: 0, sr load #: 10, ce load #: 0)

No signal is selected as Global Set/Reset.
Starting Placer Phase 0.
...........
Finished Placer Phase 0.  REAL time: 11 secs 

Starting Placer Phase 1.
...................
Placer score = 369723.
Finished Placer Phase 1.  REAL time: 22 secs 

Starting Placer Phase 2.
.
Placer score =  360936
Finished Placer Phase 2.  REAL time: 23 secs 


------------------ Clock Report ------------------

Global Clock Resources:
  CLK_PIN    : 0 out of 8 (0%)
  General PIO: 1 out of 280 (0%)
  PLL        : 0 out of 2 (0%)
  DCM        : 0 out of 2 (0%)
  DCC        : 0 out of 8 (0%)

Quadrants All (TL, TR, BL, BR) - Global Clocks:
  PRIMARY "sck_c_c" from comp "clk" on PIO site "C1 (PL4A)", clk load = 75
  SECONDARY "sck_c_c_enable_61" from F0 on comp "SLICE_171" on site "R20C23A", clk load = 0, ce load = 8, sr load = 10
  SECONDARY "sck_c_c_enable_57" from F0 on comp "SLICE_161" on site "R12C15C", clk load = 0, ce load = 10, sr load = 0
  SECONDARY "n5098" from F0 on comp "SLICE_247" on site "R12C15A", clk load = 0, ce load = 0, sr load = 10

  PRIMARY  : 1 out of 8 (12%)
  SECONDARY: 3 out of 8 (37%)

Edge Clocks:
  No edge clock selected.

--------------- End of Clock Report ---------------


I/O Usage Summary (final):
   32 + 4(JTAG) out of 280 (12.9%) PIO sites used.
   32 + 4(JTAG) out of 105 (34.3%) bonded PIO sites used.
   Number of PIO comps: 32; differential: 0.
   Number of Vref pins used: 0.

I/O Bank Usage Summary:
+----------+---------------+------------+-----------+
| I/O Bank | Usage         | Bank Vccio | Bank Vref |
+----------+---------------+------------+-----------+
| 0        | 9 / 26 ( 34%) | 3.3V       | -         |
| 1        | 5 / 26 ( 19%) | 3.3V       | -         |
| 2        | 7 / 28 ( 25%) | 3.3V       | -         |
| 3        | 1 / 7 ( 14%)  | 3.3V       | -         |
| 4        | 6 / 8 ( 75%)  | 3.3V       | -         |
| 5        | 4 / 10 ( 40%) | 3.3V       | -         |
+----------+---------------+------------+-----------+

Total placer CPU time: 20 secs 

Dumping design to file lab1_impl1.dir/5_1.ncd.

0 connections routed; 1846 unrouted.
Starting router resource preassignment

    <postMsg mid="66011008" type="Warning" dynamic="1" navigation="0" arg0="&#xA;   Signal=state_clk loads=3 clock_loads=2"  />

Completed router resource preassignment. Real time: 32 secs 

Start NBR router at 21:39:58 12/09/20

*****************************************************************
Info: NBR allows conflicts(one node used by more than one signal)
      in the earlier iterations. In each iteration, it tries to  
      solve the conflicts while keeping the critical connections 
      routed as short as possible. The routing process is said to
      be completed when no conflicts exist and all connections   
      are routed.                                                
Note: NBR uses a different method to calculate timing slacks. The
      worst slack and total negative slack may not be the same as
      that in TRCE report. You should always run TRCE to verify  
      your design.                                               
*****************************************************************

Start NBR special constraint process at 21:39:59 12/09/20

Start NBR section for initial routing at 21:39:59 12/09/20
Level 1, iteration 1
0(0.00%) conflict; 1511(81.85%) untouched conns; 6146234 (nbr) score; 
Estimated worst slack/total negative slack<setup>: -337.269ns/-6146.234ns; real time: 33 secs 
Level 2, iteration 1
0(0.00%) conflict; 1511(81.85%) untouched conns; 6146234 (nbr) score; 
Estimated worst slack/total negative slack<setup>: -337.269ns/-6146.234ns; real time: 33 secs 
Level 3, iteration 1
0(0.00%) conflict; 1511(81.85%) untouched conns; 6146234 (nbr) score; 
Estimated worst slack/total negative slack<setup>: -337.269ns/-6146.234ns; real time: 33 secs 
Level 4, iteration 1
38(0.02%) conflicts; 0(0.00%) untouched conn; 6926812 (nbr) score; 
Estimated worst slack/total negative slack<setup>: -338.331ns/-6926.812ns; real time: 35 secs 

Info: Initial congestion level at 75% usage is 0
Info: Initial congestion area  at 75% usage is 0 (0.00%)

Start NBR section for normal routing at 21:40:01 12/09/20
Level 4, iteration 1
18(0.01%) conflicts; 0(0.00%) untouched conn; 10136433 (nbr) score; 
Estimated worst slack/total negative slack<setup>: -644.529ns/-10136.433ns; real time: 35 secs 
Level 4, iteration 2
5(0.00%) conflicts; 0(0.00%) untouched conn; 10181080 (nbr) score; 
Estimated worst slack/total negative slack<setup>: -644.529ns/-10181.080ns; real time: 35 secs 
Level 4, iteration 3
1(0.00%) conflict; 0(0.00%) untouched conn; 10340226 (nbr) score; 
Estimated worst slack/total negative slack<setup>: -644.529ns/-10340.226ns; real time: 35 secs 
Level 4, iteration 4
0(0.00%) conflict; 0(0.00%) untouched conn; 10340226 (nbr) score; 
Estimated worst slack/total negative slack<setup>: -644.529ns/-10340.226ns; real time: 35 secs 

Start NBR section for performance tuning (iteration 1) at 21:40:01 12/09/20
Level 4, iteration 1
0(0.00%) conflict; 0(0.00%) untouched conn; 10340226 (nbr) score; 
Estimated worst slack/total negative slack<setup>: -644.529ns/-10340.226ns; real time: 36 secs 

Start NBR section for re-routing at 21:40:02 12/09/20
Level 4, iteration 1
0(0.00%) conflict; 0(0.00%) untouched conn; 10342008 (nbr) score; 
Estimated worst slack/total negative slack<setup>: -644.529ns/-10342.009ns; real time: 36 secs 

Start NBR section for post-routing at 21:40:02 12/09/20

End NBR router with 0 unrouted connection

NBR Summary
-----------
  Number of unrouted connections : 0 (0.00%)
  Number of connections with timing violations : 942 (51.03%)
  Estimated worst slack<setup> : -644.529ns
  Timing score<setup> : 41417151
-----------
Notes: The timing info is calculated for SETUP only and all PAR_ADJs are ignored.



    <postMsg mid="66011008" type="Warning" dynamic="1" navigation="0" arg0="&#xA;   Signal=state_clk loads=3 clock_loads=2"  />

Total CPU time 36 secs 
Total REAL time: 39 secs 
Completely routed.
End of route.  1846 routed (100.00%); 0 unrouted.

Hold time timing score: 0, hold timing errors: 0

Timing score: 41417151 

Dumping design to file lab1_impl1.dir/5_1.ncd.


PAR_SUMMARY::Run status = Success
PAR_SUMMARY::Number of unrouted conns = 0
PAR_SUMMARY::Worst  slack<setup/<ns>> = -644.529
PAR_SUMMARY::Timing score<setup/<ns>> = 41417.151
PAR_SUMMARY::Worst  slack<hold /<ns>> = 0.379
PAR_SUMMARY::Timing score<hold /<ns>> = 0.000
PAR_SUMMARY::Number of errors = 0

Total CPU  time to completion: 36 secs 
Total REAL time to completion: 40 secs 

par done!

Copyright (c) 1991-1994 by NeoCAD Inc. All rights reserved.
Copyright (c) 1995 AT&T Corp.   All rights reserved.
Copyright (c) 1995-2001 Lucent Technologies Inc.  All rights reserved.
Copyright (c) 2001 Agere Systems   All rights reserved.
Copyright (c) 2002-2017 Lattice Semiconductor Corporation,  All rights reserved.
Exiting par with exit code 0
Exiting mpartrce with exit code 0

trce -f "lab1_impl1.pt" -o "lab1_impl1.twr" "lab1_impl1.ncd" "lab1_impl1.prf"
trce:  version Diamond (64-bit) 3.10.0.111.2

Copyright (c) 1991-1994 by NeoCAD Inc. All rights reserved.
Copyright (c) 1995 AT&T Corp.   All rights reserved.
Copyright (c) 1995-2001 Lucent Technologies Inc.  All rights reserved.
Copyright (c) 2001 Agere Systems   All rights reserved.
Copyright (c) 2002-2017 Lattice Semiconductor Corporation,  All rights reserved.

Loading design for application trce from file lab1_impl1.ncd.
Design name: Lab1
NCD version: 3.3
Vendor:      LATTICE
Device:      LCMXO2-4000HC
Package:     CSBGA132
Performance: 4
Loading device for application trce from file 'xo2c4000.nph' in environment: E:/Diamond/diamond/3.10_x64/ispfpga.
Package Status:                     Final          Version 1.44.
Performance Hardware Data Status:   Final          Version 34.4.
Setup and Hold Report

--------------------------------------------------------------------------------
Lattice TRACE Report - Setup, Version Diamond (64-bit) 3.10.0.111.2
Wed Dec 09 21:40:09 2020

Copyright (c) 1991-1994 by NeoCAD Inc. All rights reserved.
Copyright (c) 1995 AT&T Corp.   All rights reserved.
Copyright (c) 1995-2001 Lucent Technologies Inc.  All rights reserved.
Copyright (c) 2001 Agere Systems   All rights reserved.
Copyright (c) 2002-2017 Lattice Semiconductor Corporation,  All rights reserved.

Report Information
------------------
Command line:    trce -v 10 -gt -sethld -sp 4 -sphld m -o lab1_impl1.twr -gui -msgset C:/Users/70735/Desktop/lab1/promote.xml lab1_impl1.ncd lab1_impl1.prf 
Design file:     lab1_impl1.ncd
Preference file: lab1_impl1.prf
Device,speed:    LCMXO2-4000HC,4
Report level:    verbose report, limited to 10 items per preference
--------------------------------------------------------------------------------

Report Type:     based on TRACE automatically generated preferences
BLOCK ASYNCPATHS
BLOCK RESETPATHS
--------------------------------------------------------------------------------



Timing summary (Setup):
---------------

Timing errors: 4097  Score: 41417151
Cumulative negative slack: 41417151

Constraints cover 225696 paths, 3 nets, and 1749 connections (94.75% coverage)

--------------------------------------------------------------------------------
Lattice TRACE Report - Hold, Version Diamond (64-bit) 3.10.0.111.2
Wed Dec 09 21:40:11 2020

Copyright (c) 1991-1994 by NeoCAD Inc. All rights reserved.
Copyright (c) 1995 AT&T Corp.   All rights reserved.
Copyright (c) 1995-2001 Lucent Technologies Inc.  All rights reserved.
Copyright (c) 2001 Agere Systems   All rights reserved.
Copyright (c) 2002-2017 Lattice Semiconductor Corporation,  All rights reserved.

Report Information
------------------
Command line:    trce -v 10 -gt -sethld -sp 4 -sphld m -o lab1_impl1.twr -gui -msgset C:/Users/70735/Desktop/lab1/promote.xml lab1_impl1.ncd lab1_impl1.prf 
Design file:     lab1_impl1.ncd
Preference file: lab1_impl1.prf
Device,speed:    LCMXO2-4000HC,m
Report level:    verbose report, limited to 10 items per preference
--------------------------------------------------------------------------------

BLOCK ASYNCPATHS
BLOCK RESETPATHS
--------------------------------------------------------------------------------



Timing summary (Hold):
---------------

Timing errors: 0  Score: 0
Cumulative negative slack: 0

Constraints cover 225696 paths, 3 nets, and 1749 connections (94.75% coverage)



Timing summary (Setup and Hold):
---------------

Timing errors: 4097 (setup), 0 (hold)
Score: 41417151 (setup), 0 (hold)
Cumulative negative slack: 41417151 (41417151+0)
--------------------------------------------------------------------------------

--------------------------------------------------------------------------------

Total time: 6 secs 

iotiming  "lab1_impl1.ncd" "lab1_impl1.prf"
I/O Timing Report:
:  version Diamond (64-bit) 3.10.0.111.2

Copyright (c) 1991-1994 by NeoCAD Inc. All rights reserved.
Copyright (c) 1995 AT&T Corp.   All rights reserved.
Copyright (c) 1995-2001 Lucent Technologies Inc.  All rights reserved.
Copyright (c) 2001 Agere Systems   All rights reserved.
Copyright (c) 2002-2017 Lattice Semiconductor Corporation,  All rights reserved.

Loading design for application iotiming from file lab1_impl1.ncd.
Design name: Lab1
NCD version: 3.3
Vendor:      LATTICE
Device:      LCMXO2-4000HC
Package:     CSBGA132
Performance: 4
Loading device for application iotiming from file 'xo2c4000.nph' in environment: E:/Diamond/diamond/3.10_x64/ispfpga.
Package Status:                     Final          Version 1.44.
Performance Hardware Data Status:   Final          Version 34.4.
Running Performance Grade: 4
Computing Setup Time ...
Computing Max Clock to Output Delay ...
Computing Hold Time ...
Computing Min Clock to Output Delay ...

Loading design for application iotiming from file lab1_impl1.ncd.
Design name: Lab1
NCD version: 3.3
Vendor:      LATTICE
Device:      LCMXO2-4000HC
Package:     CSBGA132
Performance: 5
Package Status:                     Final          Version 1.44.
Performance Hardware Data Status:   Final          Version 34.4.
Running Performance Grade: 5
Computing Setup Time ...
Computing Max Clock to Output Delay ...
Computing Hold Time ...
Computing Min Clock to Output Delay ...

Loading design for application iotiming from file lab1_impl1.ncd.
Design name: Lab1
NCD version: 3.3
Vendor:      LATTICE
Device:      LCMXO2-4000HC
Package:     CSBGA132
Performance: 6
Package Status:                     Final          Version 1.44.
Performance Hardware Data Status:   Final          Version 34.4.
Running Performance Grade: 6
Computing Setup Time ...
Computing Max Clock to Output Delay ...
Computing Hold Time ...
Computing Min Clock to Output Delay ...

Loading design for application iotiming from file lab1_impl1.ncd.
Design name: Lab1
NCD version: 3.3
Vendor:      LATTICE
Device:      LCMXO2-4000HC
Package:     CSBGA132
Performance: M
Package Status:                     Final          Version 1.44.
Performance Hardware Data Status:   Final          Version 34.4.
Running Performance Grade: M
Computing Setup Time ...
Computing Max Clock to Output Delay ...
Computing Hold Time ...
Computing Min Clock to Output Delay ...
Done.

ibisgen "lab1_impl1.pad" "E:/Diamond/diamond/3.10_x64/cae_library/ibis/machxo2.ibs" 
IBIS Models Generator: Lattice Diamond (64-bit) 3.10.0.111.2

Wed Dec 09 21:40:21 2020

Comp: button[0]
 Site: L14
 Type: IN
 IO_TYPE=LVCMOS33 
 PULL=DOWN 
 CLAMP=ON 
 HYSTERESIS=SMALL 
-----------------------
Comp: button[1]
 Site: M13
 Type: IN
 IO_TYPE=LVCMOS33 
 PULL=DOWN 
 CLAMP=ON 
 HYSTERESIS=SMALL 
-----------------------
Comp: button[2]
 Site: M14
 Type: IN
 IO_TYPE=LVCMOS33 
 PULL=DOWN 
 CLAMP=ON 
 HYSTERESIS=SMALL 
-----------------------
Comp: button[3]
 Site: N14
 Type: IN
 IO_TYPE=LVCMOS33 
 PULL=DOWN 
 CLAMP=ON 
 HYSTERESIS=SMALL 
-----------------------
Comp: clk
 Site: C1
 Type: IN
 IO_TYPE=LVCMOS33 
 PULL=DOWN 
 CLAMP=ON 
 HYSTERESIS=SMALL 
-----------------------
Comp: column[0]
 Site: N6
 Type: IN
 IO_TYPE=LVCMOS33 
 PULL=DOWN 
 CLAMP=ON 
 HYSTERESIS=SMALL 
-----------------------
Comp: column[1]
 Site: P6
 Type: IN
 IO_TYPE=LVCMOS33 
 PULL=DOWN 
 CLAMP=ON 
 HYSTERESIS=SMALL 
-----------------------
Comp: column[2]
 Site: N5
 Type: IN
 IO_TYPE=LVCMOS33 
 PULL=DOWN 
 CLAMP=ON 
 HYSTERESIS=SMALL 
-----------------------
Comp: column[3]
 Site: L3
 Type: IN
 IO_TYPE=LVCMOS33 
 PULL=DOWN 
 CLAMP=ON 
 HYSTERESIS=SMALL 
-----------------------
Comp: din
 Site: G3
 Type: OUT
 IO_TYPE=LVCMOS33 
 DRIVE=8mA 
 PULL=DOWN 
 SLEW=SLOW 
-----------------------
Comp: rck
 Site: H3
 Type: OUT
 IO_TYPE=LVCMOS33 
 DRIVE=8mA 
 PULL=DOWN 
 SLEW=SLOW 
-----------------------
Comp: row[0]
 Site: N8
 Type: OUT
 IO_TYPE=LVCMOS33 
 DRIVE=8mA 
 PULL=DOWN 
 SLEW=SLOW 
-----------------------
Comp: row[1]
 Site: P8
 Type: OUT
 IO_TYPE=LVCMOS33 
 DRIVE=8mA 
 PULL=DOWN 
 SLEW=SLOW 
-----------------------
Comp: row[2]
 Site: N7
 Type: OUT
 IO_TYPE=LVCMOS33 
 DRIVE=8mA 
 PULL=DOWN 
 SLEW=SLOW 
-----------------------
Comp: row[3]
 Site: P7
 Type: OUT
 IO_TYPE=LVCMOS33 
 DRIVE=8mA 
 PULL=DOWN 
 SLEW=SLOW 
-----------------------
Comp: sck
 Site: J2
 Type: OUT
 IO_TYPE=LVCMOS33 
 DRIVE=8mA 
 PULL=DOWN 
 SLEW=SLOW 
-----------------------
Comp: seven_segment_disp_dp[0]
 Site: C9
 Type: OUT
 IO_TYPE=LVCMOS33 
 DRIVE=8mA 
 PULL=DOWN 
 SLEW=SLOW 
-----------------------
Comp: seven_segment_disp_dp[1]
 Site: A12
 Type: OUT
 IO_TYPE=LVCMOS33 
 DRIVE=8mA 
 PULL=DOWN 
 SLEW=SLOW 
-----------------------
Comp: seven_segment_disp_left[0]
 Site: A10
 Type: OUT
 IO_TYPE=LVCMOS33 
 DRIVE=8mA 
 PULL=DOWN 
 SLEW=SLOW 
-----------------------
Comp: seven_segment_disp_left[1]
 Site: C11
 Type: OUT
 IO_TYPE=LVCMOS33 
 DRIVE=8mA 
 PULL=DOWN 
 SLEW=SLOW 
-----------------------
Comp: seven_segment_disp_left[2]
 Site: F2
 Type: OUT
 IO_TYPE=LVCMOS33 
 DRIVE=8mA 
 PULL=DOWN 
 SLEW=SLOW 
-----------------------
Comp: seven_segment_disp_left[3]
 Site: E1
 Type: OUT
 IO_TYPE=LVCMOS33 
 DRIVE=8mA 
 PULL=DOWN 
 SLEW=SLOW 
-----------------------
Comp: seven_segment_disp_left[4]
 Site: E2
 Type: OUT
 IO_TYPE=LVCMOS33 
 DRIVE=8mA 
 PULL=DOWN 
 SLEW=SLOW 
-----------------------
Comp: seven_segment_disp_left[5]
 Site: A9
 Type: OUT
 IO_TYPE=LVCMOS33 
 DRIVE=8mA 
 PULL=DOWN 
 SLEW=SLOW 
-----------------------
Comp: seven_segment_disp_left[6]
 Site: B9
 Type: OUT
 IO_TYPE=LVCMOS33 
 DRIVE=8mA 
 PULL=DOWN 
 SLEW=SLOW 
-----------------------
Comp: seven_segment_disp_right[0]
 Site: C12
 Type: OUT
 IO_TYPE=LVCMOS33 
 DRIVE=8mA 
 PULL=DOWN 
 SLEW=SLOW 
-----------------------
Comp: seven_segment_disp_right[1]
 Site: B14
 Type: OUT
 IO_TYPE=LVCMOS33 
 DRIVE=8mA 
 PULL=DOWN 
 SLEW=SLOW 
-----------------------
Comp: seven_segment_disp_right[2]
 Site: J1
 Type: OUT
 IO_TYPE=LVCMOS33 
 DRIVE=8mA 
 PULL=DOWN 
 SLEW=SLOW 
-----------------------
Comp: seven_segment_disp_right[3]
 Site: H1
 Type: OUT
 IO_TYPE=LVCMOS33 
 DRIVE=8mA 
 PULL=DOWN 
 SLEW=SLOW 
-----------------------
Comp: seven_segment_disp_right[4]
 Site: H2
 Type: OUT
 IO_TYPE=LVCMOS33 
 DRIVE=8mA 
 PULL=DOWN 
 SLEW=SLOW 
-----------------------
Comp: seven_segment_disp_right[5]
 Site: B12
 Type: OUT
 IO_TYPE=LVCMOS33 
 DRIVE=8mA 
 PULL=DOWN 
 SLEW=SLOW 
-----------------------
Comp: seven_segment_disp_right[6]
 Site: A11
 Type: OUT
 IO_TYPE=LVCMOS33 
 DRIVE=8mA 
 PULL=DOWN 
 SLEW=SLOW 
-----------------------
Created design models.


Generating: C:\Users\70735\Desktop\lab1\impl1\IBIS\lab1_impl1.ibs


    <postMsg mid="1191031" type="Info"    dynamic="0" navigation="0"  />

ldbanno "lab1_impl1.ncd" -n Verilog  -o "lab1_impl1_vo.vo"         -w -neg
ldbanno: version Diamond (64-bit) 3.10.0.111.2
Copyright (c) 1991-1994 by NeoCAD Inc. All rights reserved.
Copyright (c) 1995 AT&T Corp.   All rights reserved.
Copyright (c) 1995-2001 Lucent Technologies Inc.  All rights reserved.
Copyright (c) 2001 Agere Systems   All rights reserved.
Copyright (c) 2002-2017 Lattice Semiconductor Corporation,  All rights reserved.

Writing a Verilog netlist using the orca library type based on the lab1_impl1 design file.


Loading design for application ldbanno from file lab1_impl1.ncd.
Design name: Lab1
NCD version: 3.3
Vendor:      LATTICE
Device:      LCMXO2-4000HC
Package:     CSBGA132
Performance: 4
Loading device for application ldbanno from file 'xo2c4000.nph' in environment: E:/Diamond/diamond/3.10_x64/ispfpga.
Package Status:                     Final          Version 1.44.
Performance Hardware Data Status:   Final          Version 34.4.
Converting design lab1_impl1.ncd into .ldb format.
Loading preferences from lab1_impl1.prf.
Writing Verilog netlist to file lab1_impl1_vo.vo
Writing SDF timing to file lab1_impl1_vo.sdf
    <postMsg mid="35400250" type="Info"    dynamic="1" navigation="0" arg0="0"  />

ldbanno "lab1_impl1.ncd" -n VHDL -o "lab1_impl1_vho.vho"         -w -neg 
ldbanno: version Diamond (64-bit) 3.10.0.111.2
Copyright (c) 1991-1994 by NeoCAD Inc. All rights reserved.
Copyright (c) 1995 AT&T Corp.   All rights reserved.
Copyright (c) 1995-2001 Lucent Technologies Inc.  All rights reserved.
Copyright (c) 2001 Agere Systems   All rights reserved.
Copyright (c) 2002-2017 Lattice Semiconductor Corporation,  All rights reserved.

Writing a VHDL netlist using the orca library type based on the lab1_impl1 design file.


Loading design for application ldbanno from file lab1_impl1.ncd.
Design name: Lab1
NCD version: 3.3
Vendor:      LATTICE
Device:      LCMXO2-4000HC
Package:     CSBGA132
Performance: 4
Loading device for application ldbanno from file 'xo2c4000.nph' in environment: E:/Diamond/diamond/3.10_x64/ispfpga.
Package Status:                     Final          Version 1.44.
Performance Hardware Data Status:   Final          Version 34.4.
Converting design lab1_impl1.ncd into .ldb format.
Loading preferences from lab1_impl1.prf.
Writing VHDL netlist to file lab1_impl1_vho.vho
Writing SDF timing to file lab1_impl1_vho.sdf
    <postMsg mid="35400250" type="Info"    dynamic="1" navigation="0" arg0="0"  />

bitgen -f "lab1_impl1.t2b" -w "lab1_impl1.ncd" "lab1_impl1.prf"


BITGEN: Bitstream Generator Diamond (64-bit) 3.10.0.111.2
Copyright (c) 1991-1994 by NeoCAD Inc. All rights reserved.
Copyright (c) 1995 AT&T Corp.   All rights reserved.
Copyright (c) 1995-2001 Lucent Technologies Inc.  All rights reserved.
Copyright (c) 2001 Agere Systems   All rights reserved.
Copyright (c) 2002-2017 Lattice Semiconductor Corporation,  All rights reserved.


Loading design for application Bitgen from file lab1_impl1.ncd.
Design name: Lab1
NCD version: 3.3
Vendor:      LATTICE
Device:      LCMXO2-4000HC
Package:     CSBGA132
Performance: 4
Loading device for application Bitgen from file 'xo2c4000.nph' in environment: E:/Diamond/diamond/3.10_x64/ispfpga.
Package Status:                     Final          Version 1.44.
Performance Hardware Data Status:   Final          Version 34.4.

Running DRC.
DRC detected 0 errors and 0 warnings.
Reading Preference File from lab1_impl1.prf.

Preference Summary:
+---------------------------------+---------------------------------+
|  Preference                     |  Current Setting                |
+---------------------------------+---------------------------------+
|                         RamCfg  |                        Reset**  |
+---------------------------------+---------------------------------+
|                     MCCLK_FREQ  |                         2.08**  |
+---------------------------------+---------------------------------+
|                  CONFIG_SECURE  |                          OFF**  |
+---------------------------------+---------------------------------+
|                          INBUF  |                           ON**  |
+---------------------------------+---------------------------------+
|                      JTAG_PORT  |                       ENABLE**  |
+---------------------------------+---------------------------------+
|                       SDM_PORT  |                      DISABLE**  |
+---------------------------------+---------------------------------+
|                 SLAVE_SPI_PORT  |                      DISABLE**  |
+---------------------------------+---------------------------------+
|                MASTER_SPI_PORT  |                      DISABLE**  |
+---------------------------------+---------------------------------+
|                       I2C_PORT  |                      DISABLE**  |
+---------------------------------+---------------------------------+
|        MUX_CONFIGURATION_PORTS  |                      DISABLE**  |
+---------------------------------+---------------------------------+
|                  CONFIGURATION  |                          CFG**  |
+---------------------------------+---------------------------------+
|                COMPRESS_CONFIG  |                           ON**  |
+---------------------------------+---------------------------------+
|                        MY_ASSP  |                          OFF**  |
+---------------------------------+---------------------------------+
|               ONE_TIME_PROGRAM  |                          OFF**  |
+---------------------------------+---------------------------------+
|                 ENABLE_TRANSFR  |                      DISABLE**  |
+---------------------------------+---------------------------------+
|                  SHAREDEBRINIT  |                      DISABLE**  |
+---------------------------------+---------------------------------+
|            BACKGROUND_RECONFIG  |                          OFF**  |
+---------------------------------+---------------------------------+
 *  Default setting.
 ** The specified setting matches the default setting.


Creating bit map...
 
Bitstream Status: Final           Version 1.94.
 
Saving bit stream in "lab1_impl1.bit".

bitgen -f "lab1_impl1.t2b" -w "lab1_impl1.ncd" -jedec "lab1_impl1.prf"


BITGEN: Bitstream Generator Diamond (64-bit) 3.10.0.111.2
Copyright (c) 1991-1994 by NeoCAD Inc. All rights reserved.
Copyright (c) 1995 AT&T Corp.   All rights reserved.
Copyright (c) 1995-2001 Lucent Technologies Inc.  All rights reserved.
Copyright (c) 2001 Agere Systems   All rights reserved.
Copyright (c) 2002-2017 Lattice Semiconductor Corporation,  All rights reserved.


Loading design for application Bitgen from file lab1_impl1.ncd.
Design name: Lab1
NCD version: 3.3
Vendor:      LATTICE
Device:      LCMXO2-4000HC
Package:     CSBGA132
Performance: 4
Loading device for application Bitgen from file 'xo2c4000.nph' in environment: E:/Diamond/diamond/3.10_x64/ispfpga.
Package Status:                     Final          Version 1.44.
Performance Hardware Data Status:   Final          Version 34.4.

Running DRC.
DRC detected 0 errors and 0 warnings.
Reading Preference File from lab1_impl1.prf.

Preference Summary:
+---------------------------------+---------------------------------+
|  Preference                     |  Current Setting                |
+---------------------------------+---------------------------------+
|                         RamCfg  |                        Reset**  |
+---------------------------------+---------------------------------+
|                     MCCLK_FREQ  |                         2.08**  |
+---------------------------------+---------------------------------+
|                  CONFIG_SECURE  |                          OFF**  |
+---------------------------------+---------------------------------+
|                          INBUF  |                           ON**  |
+---------------------------------+---------------------------------+
|                      JTAG_PORT  |                       ENABLE**  |
+---------------------------------+---------------------------------+
|                       SDM_PORT  |                      DISABLE**  |
+---------------------------------+---------------------------------+
|                 SLAVE_SPI_PORT  |                      DISABLE**  |
+---------------------------------+---------------------------------+
|                MASTER_SPI_PORT  |                      DISABLE**  |
+---------------------------------+---------------------------------+
|                       I2C_PORT  |                      DISABLE**  |
+---------------------------------+---------------------------------+
|        MUX_CONFIGURATION_PORTS  |                      DISABLE**  |
+---------------------------------+---------------------------------+
|                  CONFIGURATION  |                          CFG**  |
+---------------------------------+---------------------------------+
|                COMPRESS_CONFIG  |                           ON**  |
+---------------------------------+---------------------------------+
|                        MY_ASSP  |                          OFF**  |
+---------------------------------+---------------------------------+
|               ONE_TIME_PROGRAM  |                          OFF**  |
+---------------------------------+---------------------------------+
|                 ENABLE_TRANSFR  |                      DISABLE**  |
+---------------------------------+---------------------------------+
|                  SHAREDEBRINIT  |                      DISABLE**  |
+---------------------------------+---------------------------------+
|            BACKGROUND_RECONFIG  |                          OFF**  |
+---------------------------------+---------------------------------+
 *  Default setting.
 ** The specified setting matches the default setting.


Creating bit map...
 
Bitstream Status: Final           Version 1.94.
 
Saving bit stream in "lab1_impl1.jed".
 
===========
UFM Summary.
===========
UFM Size:        767 Pages (128*767 Bits).
UFM Utilization: General Purpose Flash Memory.
 
Available General Purpose Flash Memory:  767 Pages (Page 0 to Page 766).
Initialized UFM Pages:                     0 Page.
 
