
synthesis -f "lab2_impl1_lattice.synproj"
synthesis:  version Diamond (64-bit) 3.10.0.111.2

Copyright (c) 1991-1994 by NeoCAD Inc. All rights reserved.
Copyright (c) 1995 AT&T Corp.   All rights reserved.
Copyright (c) 1995-2001 Lucent Technologies Inc.  All rights reserved.
Copyright (c) 2001 Agere Systems   All rights reserved.
Copyright (c) 2002-2017 Lattice Semiconductor Corporation,  All rights reserved.
Wed Dec 09 21:41:05 2020


Command Line:  synthesis -f lab2_impl1_lattice.synproj -gui -msgset C:/Users/70735/Desktop/lab2/promote.xml 

    <postMsg mid="35002000" type="Info"    dynamic="0" navigation="0"  />
Synthesis options:
The -a option is MachXO2.
The -s option is 4.
The -t option is CSBGA132.
The -d option is LCMXO2-4000HC.
Using package CSBGA132.
Using performance grade 4.
                                                          

##########################################################

### Lattice Family : MachXO2

### Device  : LCMXO2-4000HC

### Package : CSBGA132

### Speed   : 4

##########################################################

                                                          

    <postMsg mid="35001781" type="Info"    dynamic="0" navigation="0"  />
Optimization goal = Balanced
Top-level module name = Lab2.
Target frequency = 200.000000 MHz.
Maximum fanout = 1000.
Timing path count = 3
BRAM utilization = 100.000000 %
DSP usage = true
DSP utilization = 100.000000 %
fsm_encoding_style = auto
resolve_mixed_drivers = 0
fix_gated_clocks = 1

Mux style = Auto
Use Carry Chain = true
carry_chain_length = 0
Loop Limit = 1950.
Use IO Insertion = TRUE
Use IO Reg = AUTO

Resource Sharing = TRUE
Propagate Constants = TRUE
Remove Duplicate Registers = TRUE
force_gsr = auto
ROM style = auto
RAM style = auto
The -comp option is FALSE.
The -syn option is FALSE.
-p E:/Diamond/diamond/3.10_x64/ispfpga/xo2c00/data (searchpath added)
-p C:/Users/70735/Desktop/lab2/impl1 (searchpath added)
-p C:/Users/70735/Desktop/lab2 (searchpath added)
VHDL library = work
VHDL design file = C:/Users/70735/Desktop/lab2/impl1/source/lab2.vhd
NGD file = lab2_impl1.ngd
-sdc option: SDC file input not used.
-lpf option: Output file option is ON.
Hardtimer checking is enabled (default). The -dt option is not used.
The -r option is OFF. [ Remove LOC Properties is OFF. ]
Technology check ok...

Analyzing Verilog file E:/Diamond/diamond/3.10_x64/ispfpga/userware/NT/SYNTHESIS_HEADERS/machxo2.v. VERI-1482
Compile design.
Compile Design Begin
    <postMsg mid="35921504" type="Info"    dynamic="2" navigation="0" arg0="" arg1="C:/Users/70735/Desktop/lab2/impl1"  />
Analyzing VHDL file c:/users/70735/desktop/lab2/impl1/source/lab2.vhd. VHDL-1481
    <postMsg mid="35921012" type="Info"    dynamic="2" navigation="2" arg0="c:/users/70735/desktop/lab2/impl1/source/lab2.vhd(5): " arg1="lab2" arg2="c:/users/70735/desktop/lab2/impl1/source/lab2.vhd" arg3="5"  />
    <postMsg mid="35921010" type="Info"    dynamic="2" navigation="2" arg0="c:/users/70735/desktop/lab2/impl1/source/lab2.vhd(12): " arg1="default_arch" arg2="c:/users/70735/desktop/lab2/impl1/source/lab2.vhd" arg3="12"  />
unit Lab2 is not yet analyzed. VHDL-1485
unit Lab2 is not yet analyzed. VHDL-1485
c:/users/70735/desktop/lab2/impl1/source/lab2.vhd(5): executing Lab2(Default_arch)

    <postMsg mid="35921205" type="Warning" dynamic="3" navigation="2" arg0="c:/users/70735/desktop/lab2/impl1/source/lab2.vhd(9): " arg1="Lab2" arg2="Default_arch" arg3="c:/users/70735/desktop/lab2/impl1/source/lab2.vhd" arg4="9"  />
Top module name (VHDL): Lab2
Last elaborated design is Lab2(Default_arch)
Loading NGL library 'E:/Diamond/diamond/3.10_x64/ispfpga/xo2c00a/data/xo2alib.ngl'...
Loading NGL library 'E:/Diamond/diamond/3.10_x64/ispfpga/xo2c00/data/xo2clib.ngl'...
Loading NGL library 'E:/Diamond/diamond/3.10_x64/ispfpga/mg5g00/data/mg5glib.ngl'...
Loading NGL library 'E:/Diamond/diamond/3.10_x64/ispfpga/or5g00/data/orc5glib.ngl'...
Loading device for application map from file 'xo2c4000.nph' in environment: E:/Diamond/diamond/3.10_x64/ispfpga.
Package Status:                     Final          Version 1.44.
Top-level module name = Lab2.
    <postMsg mid="35001771" type="Warning" dynamic="1" navigation="0" arg0="LED_SIG"  />



SCUBA, Version Diamond (64-bit) 3.10.0.111.2
Wed Dec 09 21:41:08 2020

Copyright (c) 1991-1994 by NeoCAD Inc. All rights reserved.
Copyright (c) 1995 AT&T Corp.   All rights reserved.
Copyright (c) 1995-2001 Lucent Technologies Inc.  All rights reserved.
Copyright (c) 2001 Agere Systems   All rights reserved.
Copyright (c) 2002-2017 Lattice Semiconductor Corporation,  All rights reserved.

BEGIN SCUBA Module Synthesis

    Issued command   : e:/diamond/diamond/3.10_x64/ispfpga/bin/nt64/scuba.exe -w -n mult_31s_19s -lang verilog -bb -arch xo2c00 -type dspmult -pfu_mult -widtha 31 -widthb 19 -widthp 50 -signed -pl_stages 0 
    Circuit name     : mult_31s_19s
    Module type      : dspmult
    Module Version   : 4.2
    Ports            : 
	Inputs       : A[30:0], B[18:0]
	Outputs      : P[49:0]
    I/O buffer       : not inserted
    EDIF output      : mult_31s_19s.edn
    Verilog output   : mult_31s_19s.v
    Verilog template : mult_31s_19s_tmpl.v
    Verilog testbench: tb_mult_31s_19s_tmpl.v
    Verilog purpose  : for synthesis and simulation
    Bus notation     : big endian
    Report output    : mult_31s_19s.srp
    Estimated Resource Usage:
            LUT : 736

END   SCUBA Module Synthesis
Analyzing Verilog file E:/Diamond/diamond/3.10_x64/ispfpga/userware/NT/SYNTHESIS_HEADERS/machxo2.v. VERI-1482
Analyzing Verilog file mult_31s_19s.v. VERI-1482
    <postMsg mid="35931013" type="Warning" dynamic="2" navigation="2" arg0="c:/users/70735/desktop/lab2/impl1/source/lab2.vhd(114): " arg1="a[30]" arg2="c:/users/70735/desktop/lab2/impl1/source/lab2.vhd" arg3="114"  />
    <postMsg mid="35935013" type="Warning" dynamic="2" navigation="2" arg0="c:/users/70735/desktop/lab2/impl1/source/lab2.vhd(133): " arg1="cur1__i0" arg2="c:/users/70735/desktop/lab2/impl1/source/lab2.vhd" arg3="133"  />
    <postMsg mid="35935013" type="Warning" dynamic="2" navigation="2" arg0="c:/users/70735/desktop/lab2/impl1/source/lab2.vhd(103): " arg1="LIGHT_CTL_i1" arg2="c:/users/70735/desktop/lab2/impl1/source/lab2.vhd" arg3="103"  />
GSR instance connected to net n3322.
Duplicate register/latch removal. LIGHT_CTL_i2 is a one-to-one match with LIGHT_CTL_i4.
Duplicate register/latch removal. LIGHT_CTL_i3 is a one-to-one match with LIGHT_CTL_i6.
Duplicate register/latch removal. LIGHT_CTL_i7 is a one-to-one match with LIGHT_CTL_i3.
Applying 200.000000 MHz constraint to all clocks

    <postMsg mid="35001611" type="Warning" dynamic="0" navigation="0"  />
Results of NGD DRC are available in Lab2_drc.log.
Loading NGL library 'E:/Diamond/diamond/3.10_x64/ispfpga/xo2c00a/data/xo2alib.ngl'...
Loading NGL library 'E:/Diamond/diamond/3.10_x64/ispfpga/xo2c00/data/xo2clib.ngl'...
Loading NGL library 'E:/Diamond/diamond/3.10_x64/ispfpga/mg5g00/data/mg5glib.ngl'...
Loading NGL library 'E:/Diamond/diamond/3.10_x64/ispfpga/or5g00/data/orc5glib.ngl'...


Running DRC...

DRC complete with no errors or warnings

Design Results:
    750 blocks expanded
completed the first expansion
All blocks are expanded and NGD expansion is successful.
Writing NGD file lab2_impl1.ngd.

################### Begin Area Report (Lab2)######################
Number of register bits => 198 of 4635 (4 % )
AND2 => 8
CCU2D => 202
FADD2B => 125
FD1P3AX => 11
FD1P3AY => 7
FD1P3IX => 11
FD1P3JX => 4
FD1S3AX => 18
FD1S3DX => 54
FD1S3IX => 93
GSR => 1
IB => 5
LUT4 => 80
MULT2 => 108
ND2 => 18
OB => 1
PFUMX => 1
################### End Area Report ##################

################### Begin BlackBox Report ######################
TSALL => 1
################### End BlackBox Report ##################

################### Begin Clock Report ######################
Clock Nets
Number of Clocks: 1
  Net : clk_c, loads : 198
Clock Enable Nets
Number of Clock Enables: 7
Top 7 highest fanout Clock Enables:
  Net : clk_c_enable_33, loads : 26
  Net : clk_c_enable_4, loads : 3
  Net : clk_c_enable_2, loads : 2
  Net : clk_c_enable_19, loads : 1
  Net : clk_c_enable_24, loads : 1
  Net : clk_c_enable_23, loads : 1
  Net : clk_c_enable_25, loads : 1
Highest fanout non-clock nets
Top 10 highest fanout non-clock nets:
  Net : LIGHT_CTL_7, loads : 99
  Net : LIGHT_CTL_2, loads : 71
  Net : cnt_31__N_437, loads : 65
  Net : speed_up, loads : 42
  Net : LIGHT_CTL_0, loads : 41
  Net : n2550, loads : 31
  Net : n1844, loads : 29
  Net : clk_c_enable_33, loads : 26
  Net : Cycle_period_15, loads : 24
  Net : Cycle_period_14, loads : 24
################### End Clock Report ##################

Timing Report Summary
--------------
--------------------------------------------------------------------------------
Constraint                              |   Constraint|       Actual|Levels
--------------------------------------------------------------------------------
                                        |             |             |
create_clock -period 5.000000 -name     |             |             |
clk0 [get_nets clk_c]                   |  200.000 MHz|   27.376 MHz|    24 *
                                        |             |             |
--------------------------------------------------------------------------------


1 constraints not met.


Peak Memory Usage: 95.953  MB

--------------------------------------------------------------
Elapsed CPU time for LSE flow : 6.484  secs
--------------------------------------------------------------

map -a "MachXO2" -p LCMXO2-4000HC -t CSBGA132 -s 4 -oc Commercial   "lab2_impl1.ngd" -o "lab2_impl1_map.ncd" -pr "lab2_impl1.prf" -mp "lab2_impl1.mrp" -lpf "C:/Users/70735/Desktop/lab2/impl1/lab2_impl1.lpf" -lpf "C:/Users/70735/Desktop/lab2/lab2.lpf" -c 0            
map:  version Diamond (64-bit) 3.10.0.111.2

Copyright (c) 1991-1994 by NeoCAD Inc. All rights reserved.
Copyright (c) 1995 AT&T Corp.   All rights reserved.
Copyright (c) 1995-2001 Lucent Technologies Inc.  All rights reserved.
Copyright (c) 2001 Agere Systems   All rights reserved.
Copyright (c) 2002-2017 Lattice Semiconductor Corporation,  All rights reserved.
   Process the file: lab2_impl1.ngd
   Picdevice="LCMXO2-4000HC"

   Pictype="CSBGA132"

   Picspeed=4

   Remove unused logic

   Do not produce over sized NCDs.

Part used: LCMXO2-4000HCCSBGA132, Performance used: 4.

Loading device for application map from file 'xo2c4000.nph' in environment: E:/Diamond/diamond/3.10_x64/ispfpga.
Package Status:                     Final          Version 1.44.

Running general design DRC...

Removing unused logic...

Optimizing...




Design Summary:
   Number of registers:    198 out of  4635 (4%)
      PFU registers:          198 out of  4320 (5%)
      PIO registers:            0 out of   315 (0%)
   Number of SLICEs:       475 out of  2160 (22%)
      SLICEs as Logic/ROM:    475 out of  2160 (22%)
      SLICEs as RAM:            0 out of  1620 (0%)
      SLICEs as Carry:        435 out of  2160 (20%)
   Number of LUT4s:        950 out of  4320 (22%)
      Number used as logic LUTs:         80
      Number used as distributed RAM:     0
      Number used as ripple logic:      870
      Number used as shift registers:     0
   Number of PIO sites used: 6 + 4(JTAG) out of 105 (10%)
   Number of block RAMs:  0 out of 10 (0%)
   Number of GSRs:  1 out of 1 (100%)
   EFB used :       No
   JTAG used :      No
   Readback used :  No
   Oscillator used :  No
   Startup used :   No
   POR :            On
   Bandgap :        On
   Number of Power Controller:  0 out of 1 (0%)
   Number of Dynamic Bank Controller (BCINRD):  0 out of 6 (0%)
   Number of Dynamic Bank Controller (BCLVDSO):  0 out of 1 (0%)
   Number of DCCA:  0 out of 8 (0%)
   Number of DCMA:  0 out of 2 (0%)
   Number of PLLs:  0 out of 2 (0%)
   Number of DQSDLLs:  0 out of 2 (0%)
   Number of CLKDIVC:  0 out of 4 (0%)
   Number of ECLKSYNCA:  0 out of 4 (0%)
   Number of ECLKBRIDGECS:  0 out of 2 (0%)
   Notes:-
      1. Total number of LUT4s = (Number of logic LUT4s) + 2*(Number of distributed RAMs) + 2*(Number of ripple logic)
      2. Number of logic LUT4s does not include count of distributed RAM and ripple logic.
   Number of clocks:  1
     Net clk_c: 114 loads, 114 rising, 0 falling (Driver: PIO clk )
   Number of Clock Enables:  7
     Net brightness_in_c: 1 loads, 1 LSLICEs
     Net clk_c_enable_33: 18 loads, 18 LSLICEs
     Net clk_c_enable_4: 1 loads, 1 LSLICEs
     Net speed_up_in_c: 1 loads, 1 LSLICEs
     Net clk_c_enable_19: 1 loads, 1 LSLICEs
     Net speed_down_in_c: 1 loads, 1 LSLICEs
     Net clrin_c: 1 loads, 1 LSLICEs
   Number of LSRs:  7
     Net cnt_31__N_437: 34 loads, 34 LSLICEs
     Net brightness_in_c: 10 loads, 10 LSLICEs
     Net n3326: 10 loads, 10 LSLICEs
     Net clr: 2 loads, 2 LSLICEs
     Net speed_up_in_c: 10 loads, 10 LSLICEs
     Net speed_down_in_c: 10 loads, 10 LSLICEs
     Net n1844: 16 loads, 16 LSLICEs
   Number of nets driven by tri-state buffers:  0
   Top 10 highest fanout non-clock nets:
     Net LIGHT_CTL_7: 98 loads
     Net LIGHT_CTL_2: 69 loads
     Net speed_up: 42 loads
     Net LIGHT_CTL_0: 41 loads
     Net cnt_31__N_437: 35 loads
     Net n2550: 31 loads
     Net Cycle_period_11: 23 loads
     Net Cycle_period_12: 23 loads
     Net Cycle_period_13: 23 loads
     Net Cycle_period_14: 23 loads
 

   Number of warnings:  0
   Number of errors:    0



Total CPU Time: 1 secs  
Total REAL Time: 0 secs  
Peak Memory Usage: 53 MB

Dumping design to file lab2_impl1_map.ncd.

ncd2vdb "lab2_impl1_map.ncd" ".vdbs/lab2_impl1_map.vdb"

Loading device for application ncd2vdb from file 'xo2c4000.nph' in environment: E:/Diamond/diamond/3.10_x64/ispfpga.

trce -f "lab2_impl1.mt" -o "lab2_impl1.tw1" "lab2_impl1_map.ncd" "lab2_impl1.prf"
trce:  version Diamond (64-bit) 3.10.0.111.2

Copyright (c) 1991-1994 by NeoCAD Inc. All rights reserved.
Copyright (c) 1995 AT&T Corp.   All rights reserved.
Copyright (c) 1995-2001 Lucent Technologies Inc.  All rights reserved.
Copyright (c) 2001 Agere Systems   All rights reserved.
Copyright (c) 2002-2017 Lattice Semiconductor Corporation,  All rights reserved.

Loading design for application trce from file lab2_impl1_map.ncd.
Design name: Lab2
NCD version: 3.3
Vendor:      LATTICE
Device:      LCMXO2-4000HC
Package:     CSBGA132
Performance: 4
Loading device for application trce from file 'xo2c4000.nph' in environment: E:/Diamond/diamond/3.10_x64/ispfpga.
Package Status:                     Final          Version 1.44.
Performance Hardware Data Status:   Final          Version 34.4.
Setup and Hold Report

--------------------------------------------------------------------------------
Lattice TRACE Report - Setup, Version Diamond (64-bit) 3.10.0.111.2
Wed Dec 09 21:41:20 2020

Copyright (c) 1991-1994 by NeoCAD Inc. All rights reserved.
Copyright (c) 1995 AT&T Corp.   All rights reserved.
Copyright (c) 1995-2001 Lucent Technologies Inc.  All rights reserved.
Copyright (c) 2001 Agere Systems   All rights reserved.
Copyright (c) 2002-2017 Lattice Semiconductor Corporation,  All rights reserved.

Report Information
------------------
Command line:    trce -v 1 -gt -mapchkpnt 0 -sethld -o lab2_impl1.tw1 -gui -msgset C:/Users/70735/Desktop/lab2/promote.xml lab2_impl1_map.ncd lab2_impl1.prf 
Design file:     lab2_impl1_map.ncd
Preference file: lab2_impl1.prf
Device,speed:    LCMXO2-4000HC,4
Report level:    verbose report, limited to 1 item per preference
--------------------------------------------------------------------------------

Report Type:     based on TRACE automatically generated preferences
BLOCK ASYNCPATHS
BLOCK RESETPATHS
--------------------------------------------------------------------------------



Timing summary (Setup):
---------------

Timing errors: 4096  Score: 5697536
Cumulative negative slack: 5697536

Constraints cover 163140497 paths, 1 nets, and 2370 connections (92.00% coverage)

--------------------------------------------------------------------------------
Lattice TRACE Report - Hold, Version Diamond (64-bit) 3.10.0.111.2
Wed Dec 09 21:41:22 2020

Copyright (c) 1991-1994 by NeoCAD Inc. All rights reserved.
Copyright (c) 1995 AT&T Corp.   All rights reserved.
Copyright (c) 1995-2001 Lucent Technologies Inc.  All rights reserved.
Copyright (c) 2001 Agere Systems   All rights reserved.
Copyright (c) 2002-2017 Lattice Semiconductor Corporation,  All rights reserved.

Report Information
------------------
Command line:    trce -v 1 -gt -mapchkpnt 0 -sethld -o lab2_impl1.tw1 -gui -msgset C:/Users/70735/Desktop/lab2/promote.xml lab2_impl1_map.ncd lab2_impl1.prf 
Design file:     lab2_impl1_map.ncd
Preference file: lab2_impl1.prf
Device,speed:    LCMXO2-4000HC,M
Report level:    verbose report, limited to 1 item per preference
--------------------------------------------------------------------------------

BLOCK ASYNCPATHS
BLOCK RESETPATHS
--------------------------------------------------------------------------------



Timing summary (Hold):
---------------

Timing errors: 0  Score: 0
Cumulative negative slack: 0

Constraints cover 163140497 paths, 1 nets, and 2467 connections (95.77% coverage)



Timing summary (Setup and Hold):
---------------

Timing errors: 4096 (setup), 0 (hold)
Score: 5697536 (setup), 0 (hold)
Cumulative negative slack: 5697536 (5697536+0)
--------------------------------------------------------------------------------

--------------------------------------------------------------------------------

Total time: 3 secs 

ldbanno "lab2_impl1_map.ncd" -n Verilog -o "lab2_impl1_mapvo.vo" -w -neg
ldbanno: version Diamond (64-bit) 3.10.0.111.2
Copyright (c) 1991-1994 by NeoCAD Inc. All rights reserved.
Copyright (c) 1995 AT&T Corp.   All rights reserved.
Copyright (c) 1995-2001 Lucent Technologies Inc.  All rights reserved.
Copyright (c) 2001 Agere Systems   All rights reserved.
Copyright (c) 2002-2017 Lattice Semiconductor Corporation,  All rights reserved.

Writing a Verilog netlist using the orca library type based on the lab2_impl1_map design file.


Loading design for application ldbanno from file lab2_impl1_map.ncd.
Design name: Lab2
NCD version: 3.3
Vendor:      LATTICE
Device:      LCMXO2-4000HC
Package:     CSBGA132
Performance: 4
Loading device for application ldbanno from file 'xo2c4000.nph' in environment: E:/Diamond/diamond/3.10_x64/ispfpga.
Package Status:                     Final          Version 1.44.
Performance Hardware Data Status:   Final          Version 34.4.
Converting design lab2_impl1_map.ncd into .ldb format.
Writing Verilog netlist to file lab2_impl1_mapvo.vo
Writing SDF timing to file lab2_impl1_mapvo.sdf
    <postMsg mid="35400250" type="Info"    dynamic="1" navigation="0" arg0="0"  />

ldbanno "lab2_impl1_map.ncd" -n VHDL -o "lab2_impl1_mapvho.vho" -w -neg
ldbanno: version Diamond (64-bit) 3.10.0.111.2
Copyright (c) 1991-1994 by NeoCAD Inc. All rights reserved.
Copyright (c) 1995 AT&T Corp.   All rights reserved.
Copyright (c) 1995-2001 Lucent Technologies Inc.  All rights reserved.
Copyright (c) 2001 Agere Systems   All rights reserved.
Copyright (c) 2002-2017 Lattice Semiconductor Corporation,  All rights reserved.

Writing a VHDL netlist using the orca library type based on the lab2_impl1_map design file.


Loading design for application ldbanno from file lab2_impl1_map.ncd.
Design name: Lab2
NCD version: 3.3
Vendor:      LATTICE
Device:      LCMXO2-4000HC
Package:     CSBGA132
Performance: 4
Loading device for application ldbanno from file 'xo2c4000.nph' in environment: E:/Diamond/diamond/3.10_x64/ispfpga.
Package Status:                     Final          Version 1.44.
Performance Hardware Data Status:   Final          Version 34.4.
Converting design lab2_impl1_map.ncd into .ldb format.
Writing VHDL netlist to file lab2_impl1_mapvho.vho
Writing SDF timing to file lab2_impl1_mapvho.sdf
    <postMsg mid="35400250" type="Info"    dynamic="1" navigation="0" arg0="0"  />

mpartrce -p "lab2_impl1.p2t" -f "lab2_impl1.p3t" -tf "lab2_impl1.pt" "lab2_impl1_map.ncd" "lab2_impl1.ncd"

---- MParTrce Tool ----
Removing old design directory at request of -rem command line option to this program.
Running par. Please wait . . .

Lattice Place and Route Report for Design "lab2_impl1_map.ncd"
Wed Dec 09 21:41:31 2020

PAR: Place And Route Diamond (64-bit) 3.10.0.111.2.
Command Line: par -w -l 5 -i 6 -t 1 -c 0 -e 0 -gui -msgset C:/Users/70735/Desktop/lab2/promote.xml -exp parUseNBR=1:parCDP=0:parCDR=0:parPathBased=OFF lab2_impl1_map.ncd lab2_impl1.dir/5_1.ncd lab2_impl1.prf
Preference file: lab2_impl1.prf.
Placement level-cost: 5-1.
Routing Iterations: 6

Loading design for application par from file lab2_impl1_map.ncd.
Design name: Lab2
NCD version: 3.3
Vendor:      LATTICE
Device:      LCMXO2-4000HC
Package:     CSBGA132
Performance: 4
Loading device for application par from file 'xo2c4000.nph' in environment: E:/Diamond/diamond/3.10_x64/ispfpga.
Package Status:                     Final          Version 1.44.
Performance Hardware Data Status:   Final          Version 34.4.
License checked out.


Ignore Preference Error(s):  True
Device utilization summary:

   PIO (prelim)    6+4(JTAG)/280     4% used
                   6+4(JTAG)/105     10% bonded

   SLICE            475/2160         21% used

   GSR                1/1           100% used


Number of Signals: 1329
Number of Connections: 2576

Pin Constraint Summary:
   6 out of 6 pins locked (100% locked).

The following 1 signal is selected to use the primary clock routing resources:
    clk_c (driver: clk, clk load #: 114)

    <postMsg mid="61061008" type="Warning" dynamic="5" navigation="0" arg0="clk_c" arg1="Primary" arg2="clk" arg3="C1" arg4="Primary"  />

The following 7 signals are selected to use the secondary clock routing resources:
    cnt_31__N_437 (driver: SLICE_106, clk load #: 0, sr load #: 34, ce load #: 0)
    clk_c_enable_33 (driver: SLICE_462, clk load #: 0, sr load #: 0, ce load #: 18)
    n1844 (driver: SLICE_469, clk load #: 0, sr load #: 16, ce load #: 0)
    brightness_in_c (driver: brightness_in, clk load #: 0, sr load #: 10, ce load #: 1)
    speed_up_in_c (driver: speed_up_in, clk load #: 0, sr load #: 10, ce load #: 1)
    speed_down_in_c (driver: speed_down_in, clk load #: 0, sr load #: 10, ce load #: 1)
    n3326 (driver: SLICE_460, clk load #: 0, sr load #: 10, ce load #: 0)

    <postMsg mid="61061008" type="Warning" dynamic="5" navigation="0" arg0="brightness_in_c" arg1="Secondary" arg2="brightness_in" arg3="N14" arg4="Secondary"  />
    <postMsg mid="61061008" type="Warning" dynamic="5" navigation="0" arg0="speed_up_in_c" arg1="Secondary" arg2="speed_up_in" arg3="M14" arg4="Secondary"  />
    <postMsg mid="61061008" type="Warning" dynamic="5" navigation="0" arg0="speed_down_in_c" arg1="Secondary" arg2="speed_down_in" arg3="M13" arg4="Secondary"  />
Signal clrin_c is selected as Global Set/Reset.
Starting Placer Phase 0.
...........
Finished Placer Phase 0.  REAL time: 15 secs 

Starting Placer Phase 1.
.................
Placer score = 226409.
Finished Placer Phase 1.  REAL time: 28 secs 

Starting Placer Phase 2.
.
Placer score =  208235
Finished Placer Phase 2.  REAL time: 28 secs 


------------------ Clock Report ------------------

Global Clock Resources:
  CLK_PIN    : 0 out of 8 (0%)
  General PIO: 4 out of 280 (1%)
  PLL        : 0 out of 2 (0%)
  DCM        : 0 out of 2 (0%)
  DCC        : 0 out of 8 (0%)

Quadrants All (TL, TR, BL, BR) - Global Clocks:
  PRIMARY "clk_c" from comp "clk" on PIO site "C1 (PL4A)", clk load = 114
  SECONDARY "cnt_31__N_437" from F1 on comp "SLICE_106" on site "R13C31B", clk load = 0, ce load = 0, sr load = 34
  SECONDARY "clk_c_enable_33" from F1 on comp "SLICE_462" on site "R12C17B", clk load = 0, ce load = 18, sr load = 0
  SECONDARY "n1844" from F1 on comp "SLICE_469" on site "R12C15A", clk load = 0, ce load = 0, sr load = 16
  SECONDARY "brightness_in_c" from comp "brightness_in" on PIO site "N14 (PR19B)", clk load = 0, ce load = 1, sr load = 10
  SECONDARY "speed_up_in_c" from comp "speed_up_in" on PIO site "M14 (PR18B)", clk load = 0, ce load = 1, sr load = 10
  SECONDARY "speed_down_in_c" from comp "speed_down_in" on PIO site "M13 (PR16B)", clk load = 0, ce load = 1, sr load = 10
  SECONDARY "n3326" from F0 on comp "SLICE_460" on site "R2C14D", clk load = 0, ce load = 0, sr load = 10

  PRIMARY  : 1 out of 8 (12%)
  SECONDARY: 7 out of 8 (87%)

Edge Clocks:
  No edge clock selected.

--------------- End of Clock Report ---------------


I/O Usage Summary (final):
   6 + 4(JTAG) out of 280 (3.6%) PIO sites used.
   6 + 4(JTAG) out of 105 (9.5%) bonded PIO sites used.
   Number of PIO comps: 6; differential: 0.
   Number of Vref pins used: 0.

I/O Bank Usage Summary:
+----------+---------------+------------+-----------+
| I/O Bank | Usage         | Bank Vccio | Bank Vref |
+----------+---------------+------------+-----------+
| 0        | 0 / 26 (  0%) | -          | -         |
| 1        | 4 / 26 ( 15%) | 3.3V       | -         |
| 2        | 1 / 28 (  3%) | 3.3V       | -         |
| 3        | 0 / 7 (  0%)  | -          | -         |
| 4        | 0 / 8 (  0%)  | -          | -         |
| 5        | 1 / 10 ( 10%) | 3.3V       | -         |
+----------+---------------+------------+-----------+

Total placer CPU time: 27 secs 

Dumping design to file lab2_impl1.dir/5_1.ncd.

0 connections routed; 2576 unrouted.
Starting router resource preassignment

Completed router resource preassignment. Real time: 37 secs 

Start NBR router at 21:42:08 12/09/20

*****************************************************************
Info: NBR allows conflicts(one node used by more than one signal)
      in the earlier iterations. In each iteration, it tries to  
      solve the conflicts while keeping the critical connections 
      routed as short as possible. The routing process is said to
      be completed when no conflicts exist and all connections   
      are routed.                                                
Note: NBR uses a different method to calculate timing slacks. The
      worst slack and total negative slack may not be the same as
      that in TRCE report. You should always run TRCE to verify  
      your design.                                               
*****************************************************************

Start NBR special constraint process at 21:42:08 12/09/20

Start NBR section for initial routing at 21:42:08 12/09/20
Level 1, iteration 1
35(0.01%) conflicts; 1692(65.68%) untouched conns; 3121385 (nbr) score; 
Estimated worst slack/total negative slack<setup>: -4.686ns/-3121.385ns; real time: 39 secs 
Level 2, iteration 1
237(0.10%) conflicts; 1272(49.38%) untouched conns; 1954254 (nbr) score; 
Estimated worst slack/total negative slack<setup>: -3.669ns/-1954.254ns; real time: 42 secs 
Level 3, iteration 1
151(0.06%) conflicts; 877(34.05%) untouched conns; 2165488 (nbr) score; 
Estimated worst slack/total negative slack<setup>: -3.740ns/-2165.489ns; real time: 48 secs 
Level 4, iteration 1
153(0.06%) conflicts; 0(0.00%) untouched conn; 2273190 (nbr) score; 
Estimated worst slack/total negative slack<setup>: -3.811ns/-2273.190ns; real time: 50 secs 

Info: Initial congestion level at 75% usage is 0
Info: Initial congestion area  at 75% usage is 0 (0.00%)

Start NBR section for normal routing at 21:42:21 12/09/20
Level 1, iteration 1
150(0.06%) conflicts; 46(1.79%) untouched conns; 2198559 (nbr) score; 
Estimated worst slack/total negative slack<setup>: -3.768ns/-2198.559ns; real time: 52 secs 
Level 1, iteration 2
126(0.05%) conflicts; 58(2.25%) untouched conns; 2214844 (nbr) score; 
Estimated worst slack/total negative slack<setup>: -3.768ns/-2214.844ns; real time: 53 secs 
Level 1, iteration 3
105(0.04%) conflicts; 61(2.37%) untouched conns; 2249807 (nbr) score; 
Estimated worst slack/total negative slack<setup>: -3.768ns/-2249.808ns; real time: 54 secs 
Level 4, iteration 1
147(0.06%) conflicts; 0(0.00%) untouched conn; 2304748 (nbr) score; 
Estimated worst slack/total negative slack<setup>: -3.775ns/-2304.749ns; real time: 56 secs 
Level 4, iteration 2
108(0.04%) conflicts; 0(0.00%) untouched conn; 2403855 (nbr) score; 
Estimated worst slack/total negative slack<setup>: -3.803ns/-2403.855ns; real time: 57 secs 
Level 4, iteration 3
83(0.03%) conflicts; 0(0.00%) untouched conn; 2515183 (nbr) score; 
Estimated worst slack/total negative slack<setup>: -4.077ns/-2515.183ns; real time: 59 secs 
Level 4, iteration 4
69(0.03%) conflicts; 0(0.00%) untouched conn; 2515183 (nbr) score; 
Estimated worst slack/total negative slack<setup>: -4.077ns/-2515.183ns; real time: 1 mins 
Level 4, iteration 5
49(0.02%) conflicts; 0(0.00%) untouched conn; 2594286 (nbr) score; 
Estimated worst slack/total negative slack<setup>: -4.191ns/-2594.286ns; real time: 1 mins 1 secs 
Level 4, iteration 6
45(0.02%) conflicts; 0(0.00%) untouched conn; 2594286 (nbr) score; 
Estimated worst slack/total negative slack<setup>: -4.191ns/-2594.286ns; real time: 1 mins 2 secs 
Level 4, iteration 7
41(0.02%) conflicts; 0(0.00%) untouched conn; 2619548 (nbr) score; 
Estimated worst slack/total negative slack<setup>: -4.172ns/-2619.548ns; real time: 1 mins 3 secs 
Level 4, iteration 8
47(0.02%) conflicts; 0(0.00%) untouched conn; 2619548 (nbr) score; 
Estimated worst slack/total negative slack<setup>: -4.172ns/-2619.548ns; real time: 1 mins 4 secs 
Level 4, iteration 9
39(0.02%) conflicts; 0(0.00%) untouched conn; 2644704 (nbr) score; 
Estimated worst slack/total negative slack<setup>: -4.230ns/-2644.704ns; real time: 1 mins 5 secs 
Level 4, iteration 10
34(0.01%) conflicts; 0(0.00%) untouched conn; 2644704 (nbr) score; 
Estimated worst slack/total negative slack<setup>: -4.230ns/-2644.704ns; real time: 1 mins 6 secs 
Level 4, iteration 11
30(0.01%) conflicts; 0(0.00%) untouched conn; 2752114 (nbr) score; 
Estimated worst slack/total negative slack<setup>: -4.569ns/-2752.115ns; real time: 1 mins 7 secs 
Level 4, iteration 12
21(0.01%) conflicts; 0(0.00%) untouched conn; 2752114 (nbr) score; 
Estimated worst slack/total negative slack<setup>: -4.569ns/-2752.115ns; real time: 1 mins 7 secs 
Level 4, iteration 13
13(0.01%) conflicts; 0(0.00%) untouched conn; 2790280 (nbr) score; 
Estimated worst slack/total negative slack<setup>: -4.654ns/-2790.280ns; real time: 1 mins 7 secs 
Level 4, iteration 14
8(0.00%) conflicts; 0(0.00%) untouched conn; 2790280 (nbr) score; 
Estimated worst slack/total negative slack<setup>: -4.654ns/-2790.280ns; real time: 1 mins 8 secs 
Level 4, iteration 15
7(0.00%) conflicts; 0(0.00%) untouched conn; 2865221 (nbr) score; 
Estimated worst slack/total negative slack<setup>: -4.654ns/-2865.222ns; real time: 1 mins 8 secs 
Level 4, iteration 16
7(0.00%) conflicts; 0(0.00%) untouched conn; 2865221 (nbr) score; 
Estimated worst slack/total negative slack<setup>: -4.654ns/-2865.222ns; real time: 1 mins 8 secs 
Level 4, iteration 17
7(0.00%) conflicts; 0(0.00%) untouched conn; 2866013 (nbr) score; 
Estimated worst slack/total negative slack<setup>: -4.654ns/-2866.014ns; real time: 1 mins 9 secs 
Level 4, iteration 18
5(0.00%) conflicts; 0(0.00%) untouched conn; 2866013 (nbr) score; 
Estimated worst slack/total negative slack<setup>: -4.654ns/-2866.014ns; real time: 1 mins 9 secs 
Level 4, iteration 19
3(0.00%) conflicts; 0(0.00%) untouched conn; 2877472 (nbr) score; 
Estimated worst slack/total negative slack<setup>: -4.654ns/-2877.473ns; real time: 1 mins 9 secs 
Level 4, iteration 20
3(0.00%) conflicts; 0(0.00%) untouched conn; 2877472 (nbr) score; 
Estimated worst slack/total negative slack<setup>: -4.654ns/-2877.473ns; real time: 1 mins 9 secs 
Level 4, iteration 21
1(0.00%) conflict; 0(0.00%) untouched conn; 2882177 (nbr) score; 
Estimated worst slack/total negative slack<setup>: -4.654ns/-2882.178ns; real time: 1 mins 9 secs 
Level 4, iteration 22
1(0.00%) conflict; 0(0.00%) untouched conn; 2882177 (nbr) score; 
Estimated worst slack/total negative slack<setup>: -4.654ns/-2882.178ns; real time: 1 mins 9 secs 
Level 4, iteration 23
1(0.00%) conflict; 0(0.00%) untouched conn; 2881318 (nbr) score; 
Estimated worst slack/total negative slack<setup>: -4.654ns/-2881.319ns; real time: 1 mins 10 secs 
Level 4, iteration 24
1(0.00%) conflict; 0(0.00%) untouched conn; 2881318 (nbr) score; 
Estimated worst slack/total negative slack<setup>: -4.654ns/-2881.319ns; real time: 1 mins 10 secs 
Level 4, iteration 25
1(0.00%) conflict; 0(0.00%) untouched conn; 2877333 (nbr) score; 
Estimated worst slack/total negative slack<setup>: -4.654ns/-2877.334ns; real time: 1 mins 10 secs 
Level 4, iteration 26
0(0.00%) conflict; 0(0.00%) untouched conn; 2877333 (nbr) score; 
Estimated worst slack/total negative slack<setup>: -4.654ns/-2877.334ns; real time: 1 mins 10 secs 

Start NBR section for performance tuning (iteration 1) at 21:42:41 12/09/20
Level 4, iteration 1
38(0.02%) conflicts; 0(0.00%) untouched conn; 2700779 (nbr) score; 
Estimated worst slack/total negative slack<setup>: -4.211ns/-2700.780ns; real time: 1 mins 11 secs 
Level 4, iteration 2
14(0.01%) conflicts; 0(0.00%) untouched conn; 3189057 (nbr) score; 
Estimated worst slack/total negative slack<setup>: -5.587ns/-3189.058ns; real time: 1 mins 12 secs 

Start NBR section for re-routing at 21:42:43 12/09/20
Level 4, iteration 1
0(0.00%) conflict; 0(0.00%) untouched conn; 2874533 (nbr) score; 
Estimated worst slack/total negative slack<setup>: -4.654ns/-2874.534ns; real time: 1 mins 12 secs 

Start NBR section for post-routing at 21:42:43 12/09/20

End NBR router with 0 unrouted connection

NBR Summary
-----------
  Number of unrouted connections : 0 (0.00%)
  Number of connections with timing violations : 956 (37.11%)
  Estimated worst slack<setup> : -4.654ns
  Timing score<setup> : 17628711
-----------
Notes: The timing info is calculated for SETUP only and all PAR_ADJs are ignored.



Total CPU time 1 mins 15 secs 
Total REAL time: 1 mins 17 secs 
Completely routed.
End of route.  2576 routed (100.00%); 0 unrouted.

Hold time timing score: 0, hold timing errors: 0

Timing score: 17628711 

Dumping design to file lab2_impl1.dir/5_1.ncd.


PAR_SUMMARY::Run status = Success
PAR_SUMMARY::Number of unrouted conns = 0
PAR_SUMMARY::Worst  slack<setup/<ns>> = -4.654
PAR_SUMMARY::Timing score<setup/<ns>> = 17628.711
PAR_SUMMARY::Worst  slack<hold /<ns>> = 0.377
PAR_SUMMARY::Timing score<hold /<ns>> = 0.000
PAR_SUMMARY::Number of errors = 0

Total CPU  time to completion: 1 mins 16 secs 
Total REAL time to completion: 1 mins 18 secs 

par done!

Copyright (c) 1991-1994 by NeoCAD Inc. All rights reserved.
Copyright (c) 1995 AT&T Corp.   All rights reserved.
Copyright (c) 1995-2001 Lucent Technologies Inc.  All rights reserved.
Copyright (c) 2001 Agere Systems   All rights reserved.
Copyright (c) 2002-2017 Lattice Semiconductor Corporation,  All rights reserved.
Exiting par with exit code 0
Exiting mpartrce with exit code 0

trce -f "lab2_impl1.pt" -o "lab2_impl1.twr" "lab2_impl1.ncd" "lab2_impl1.prf"
trce:  version Diamond (64-bit) 3.10.0.111.2

Copyright (c) 1991-1994 by NeoCAD Inc. All rights reserved.
Copyright (c) 1995 AT&T Corp.   All rights reserved.
Copyright (c) 1995-2001 Lucent Technologies Inc.  All rights reserved.
Copyright (c) 2001 Agere Systems   All rights reserved.
Copyright (c) 2002-2017 Lattice Semiconductor Corporation,  All rights reserved.

Loading design for application trce from file lab2_impl1.ncd.
Design name: Lab2
NCD version: 3.3
Vendor:      LATTICE
Device:      LCMXO2-4000HC
Package:     CSBGA132
Performance: 4
Loading device for application trce from file 'xo2c4000.nph' in environment: E:/Diamond/diamond/3.10_x64/ispfpga.
Package Status:                     Final          Version 1.44.
Performance Hardware Data Status:   Final          Version 34.4.
Setup and Hold Report

--------------------------------------------------------------------------------
Lattice TRACE Report - Setup, Version Diamond (64-bit) 3.10.0.111.2
Wed Dec 09 21:42:52 2020

Copyright (c) 1991-1994 by NeoCAD Inc. All rights reserved.
Copyright (c) 1995 AT&T Corp.   All rights reserved.
Copyright (c) 1995-2001 Lucent Technologies Inc.  All rights reserved.
Copyright (c) 2001 Agere Systems   All rights reserved.
Copyright (c) 2002-2017 Lattice Semiconductor Corporation,  All rights reserved.

Report Information
------------------
Command line:    trce -v 10 -gt -sethld -sp 4 -sphld m -o lab2_impl1.twr -gui -msgset C:/Users/70735/Desktop/lab2/promote.xml lab2_impl1.ncd lab2_impl1.prf 
Design file:     lab2_impl1.ncd
Preference file: lab2_impl1.prf
Device,speed:    LCMXO2-4000HC,4
Report level:    verbose report, limited to 10 items per preference
--------------------------------------------------------------------------------

Report Type:     based on TRACE automatically generated preferences
BLOCK ASYNCPATHS
BLOCK RESETPATHS
--------------------------------------------------------------------------------



Timing summary (Setup):
---------------

Timing errors: 4096  Score: 17628711
Cumulative negative slack: 17628711

Constraints cover 163140497 paths, 1 nets, and 2467 connections (95.77% coverage)

--------------------------------------------------------------------------------
Lattice TRACE Report - Hold, Version Diamond (64-bit) 3.10.0.111.2
Wed Dec 09 21:42:53 2020

Copyright (c) 1991-1994 by NeoCAD Inc. All rights reserved.
Copyright (c) 1995 AT&T Corp.   All rights reserved.
Copyright (c) 1995-2001 Lucent Technologies Inc.  All rights reserved.
Copyright (c) 2001 Agere Systems   All rights reserved.
Copyright (c) 2002-2017 Lattice Semiconductor Corporation,  All rights reserved.

Report Information
------------------
Command line:    trce -v 10 -gt -sethld -sp 4 -sphld m -o lab2_impl1.twr -gui -msgset C:/Users/70735/Desktop/lab2/promote.xml lab2_impl1.ncd lab2_impl1.prf 
Design file:     lab2_impl1.ncd
Preference file: lab2_impl1.prf
Device,speed:    LCMXO2-4000HC,m
Report level:    verbose report, limited to 10 items per preference
--------------------------------------------------------------------------------

BLOCK ASYNCPATHS
BLOCK RESETPATHS
--------------------------------------------------------------------------------



Timing summary (Hold):
---------------

Timing errors: 0  Score: 0
Cumulative negative slack: 0

Constraints cover 163140497 paths, 1 nets, and 2467 connections (95.77% coverage)



Timing summary (Setup and Hold):
---------------

Timing errors: 4096 (setup), 0 (hold)
Score: 17628711 (setup), 0 (hold)
Cumulative negative slack: 17628711 (17628711+0)
--------------------------------------------------------------------------------

--------------------------------------------------------------------------------

Total time: 4 secs 

iotiming  "lab2_impl1.ncd" "lab2_impl1.prf"
I/O Timing Report:
:  version Diamond (64-bit) 3.10.0.111.2

Copyright (c) 1991-1994 by NeoCAD Inc. All rights reserved.
Copyright (c) 1995 AT&T Corp.   All rights reserved.
Copyright (c) 1995-2001 Lucent Technologies Inc.  All rights reserved.
Copyright (c) 2001 Agere Systems   All rights reserved.
Copyright (c) 2002-2017 Lattice Semiconductor Corporation,  All rights reserved.

Loading design for application iotiming from file lab2_impl1.ncd.
Design name: Lab2
NCD version: 3.3
Vendor:      LATTICE
Device:      LCMXO2-4000HC
Package:     CSBGA132
Performance: 4
Loading device for application iotiming from file 'xo2c4000.nph' in environment: E:/Diamond/diamond/3.10_x64/ispfpga.
Package Status:                     Final          Version 1.44.
Performance Hardware Data Status:   Final          Version 34.4.
Running Performance Grade: 4
Computing Setup Time ...
Computing Max Clock to Output Delay ...
Computing Hold Time ...
Computing Min Clock to Output Delay ...

Loading design for application iotiming from file lab2_impl1.ncd.
Design name: Lab2
NCD version: 3.3
Vendor:      LATTICE
Device:      LCMXO2-4000HC
Package:     CSBGA132
Performance: 5
Package Status:                     Final          Version 1.44.
Performance Hardware Data Status:   Final          Version 34.4.
Running Performance Grade: 5
Computing Setup Time ...
Computing Max Clock to Output Delay ...
Computing Hold Time ...
Computing Min Clock to Output Delay ...

Loading design for application iotiming from file lab2_impl1.ncd.
Design name: Lab2
NCD version: 3.3
Vendor:      LATTICE
Device:      LCMXO2-4000HC
Package:     CSBGA132
Performance: 6
Package Status:                     Final          Version 1.44.
Performance Hardware Data Status:   Final          Version 34.4.
Running Performance Grade: 6
Computing Setup Time ...
Computing Max Clock to Output Delay ...
Computing Hold Time ...
Computing Min Clock to Output Delay ...

Loading design for application iotiming from file lab2_impl1.ncd.
Design name: Lab2
NCD version: 3.3
Vendor:      LATTICE
Device:      LCMXO2-4000HC
Package:     CSBGA132
Performance: M
Package Status:                     Final          Version 1.44.
Performance Hardware Data Status:   Final          Version 34.4.
Running Performance Grade: M
Computing Setup Time ...
Computing Max Clock to Output Delay ...
Computing Hold Time ...
Computing Min Clock to Output Delay ...
Done.

ibisgen "lab2_impl1.pad" "E:/Diamond/diamond/3.10_x64/cae_library/ibis/machxo2.ibs" 
IBIS Models Generator: Lattice Diamond (64-bit) 3.10.0.111.2

Wed Dec 09 21:43:01 2020

Comp: LED_SIG
 Site: P9
 Type: OUT
 IO_TYPE=LVCMOS33 
 DRIVE=8mA 
 PULL=DOWN 
 SLEW=SLOW 
-----------------------
Comp: brightness_in
 Site: N14
 Type: IN
 IO_TYPE=LVCMOS33 
 PULL=DOWN 
 CLAMP=ON 
 HYSTERESIS=SMALL 
-----------------------
Comp: clk
 Site: C1
 Type: IN
 IO_TYPE=LVCMOS33 
 PULL=DOWN 
 CLAMP=ON 
 HYSTERESIS=SMALL 
-----------------------
Comp: clrin
 Site: L14
 Type: IN
 IO_TYPE=LVCMOS33 
 PULL=DOWN 
 CLAMP=ON 
 HYSTERESIS=SMALL 
-----------------------
Comp: speed_down_in
 Site: M13
 Type: IN
 IO_TYPE=LVCMOS33 
 PULL=DOWN 
 CLAMP=ON 
 HYSTERESIS=SMALL 
-----------------------
Comp: speed_up_in
 Site: M14
 Type: IN
 IO_TYPE=LVCMOS33 
 PULL=DOWN 
 CLAMP=ON 
 HYSTERESIS=SMALL 
-----------------------
Created design models.


Generating: C:\Users\70735\Desktop\lab2\impl1\IBIS\lab2_impl1.ibs


    <postMsg mid="1191031" type="Info"    dynamic="0" navigation="0"  />

ldbanno "lab2_impl1.ncd" -n Verilog  -o "lab2_impl1_vo.vo"         -w -neg
ldbanno: version Diamond (64-bit) 3.10.0.111.2
Copyright (c) 1991-1994 by NeoCAD Inc. All rights reserved.
Copyright (c) 1995 AT&T Corp.   All rights reserved.
Copyright (c) 1995-2001 Lucent Technologies Inc.  All rights reserved.
Copyright (c) 2001 Agere Systems   All rights reserved.
Copyright (c) 2002-2017 Lattice Semiconductor Corporation,  All rights reserved.

Writing a Verilog netlist using the orca library type based on the lab2_impl1 design file.


Loading design for application ldbanno from file lab2_impl1.ncd.
Design name: Lab2
NCD version: 3.3
Vendor:      LATTICE
Device:      LCMXO2-4000HC
Package:     CSBGA132
Performance: 4
Loading device for application ldbanno from file 'xo2c4000.nph' in environment: E:/Diamond/diamond/3.10_x64/ispfpga.
Package Status:                     Final          Version 1.44.
Performance Hardware Data Status:   Final          Version 34.4.
Converting design lab2_impl1.ncd into .ldb format.
Loading preferences from lab2_impl1.prf.
Writing Verilog netlist to file lab2_impl1_vo.vo
Writing SDF timing to file lab2_impl1_vo.sdf
    <postMsg mid="35400250" type="Info"    dynamic="1" navigation="0" arg0="0"  />

ldbanno "lab2_impl1.ncd" -n VHDL -o "lab2_impl1_vho.vho"         -w -neg 
ldbanno: version Diamond (64-bit) 3.10.0.111.2
Copyright (c) 1991-1994 by NeoCAD Inc. All rights reserved.
Copyright (c) 1995 AT&T Corp.   All rights reserved.
Copyright (c) 1995-2001 Lucent Technologies Inc.  All rights reserved.
Copyright (c) 2001 Agere Systems   All rights reserved.
Copyright (c) 2002-2017 Lattice Semiconductor Corporation,  All rights reserved.

Writing a VHDL netlist using the orca library type based on the lab2_impl1 design file.


Loading design for application ldbanno from file lab2_impl1.ncd.
Design name: Lab2
NCD version: 3.3
Vendor:      LATTICE
Device:      LCMXO2-4000HC
Package:     CSBGA132
Performance: 4
Loading device for application ldbanno from file 'xo2c4000.nph' in environment: E:/Diamond/diamond/3.10_x64/ispfpga.
Package Status:                     Final          Version 1.44.
Performance Hardware Data Status:   Final          Version 34.4.
Converting design lab2_impl1.ncd into .ldb format.
Loading preferences from lab2_impl1.prf.
Writing VHDL netlist to file lab2_impl1_vho.vho
Writing SDF timing to file lab2_impl1_vho.sdf
    <postMsg mid="35400250" type="Info"    dynamic="1" navigation="0" arg0="0"  />

bitgen -f "lab2_impl1.t2b" -w "lab2_impl1.ncd" "lab2_impl1.prf"


BITGEN: Bitstream Generator Diamond (64-bit) 3.10.0.111.2
Copyright (c) 1991-1994 by NeoCAD Inc. All rights reserved.
Copyright (c) 1995 AT&T Corp.   All rights reserved.
Copyright (c) 1995-2001 Lucent Technologies Inc.  All rights reserved.
Copyright (c) 2001 Agere Systems   All rights reserved.
Copyright (c) 2002-2017 Lattice Semiconductor Corporation,  All rights reserved.


Loading design for application Bitgen from file lab2_impl1.ncd.
Design name: Lab2
NCD version: 3.3
Vendor:      LATTICE
Device:      LCMXO2-4000HC
Package:     CSBGA132
Performance: 4
Loading device for application Bitgen from file 'xo2c4000.nph' in environment: E:/Diamond/diamond/3.10_x64/ispfpga.
Package Status:                     Final          Version 1.44.
Performance Hardware Data Status:   Final          Version 34.4.

Running DRC.
DRC detected 0 errors and 0 warnings.
Reading Preference File from lab2_impl1.prf.

Preference Summary:
+---------------------------------+---------------------------------+
|  Preference                     |  Current Setting                |
+---------------------------------+---------------------------------+
|                         RamCfg  |                        Reset**  |
+---------------------------------+---------------------------------+
|                     MCCLK_FREQ  |                         2.08**  |
+---------------------------------+---------------------------------+
|                  CONFIG_SECURE  |                          OFF**  |
+---------------------------------+---------------------------------+
|                          INBUF  |                           ON**  |
+---------------------------------+---------------------------------+
|                      JTAG_PORT  |                       ENABLE**  |
+---------------------------------+---------------------------------+
|                       SDM_PORT  |                      DISABLE**  |
+---------------------------------+---------------------------------+
|                 SLAVE_SPI_PORT  |                      DISABLE**  |
+---------------------------------+---------------------------------+
|                MASTER_SPI_PORT  |                      DISABLE**  |
+---------------------------------+---------------------------------+
|                       I2C_PORT  |                      DISABLE**  |
+---------------------------------+---------------------------------+
|        MUX_CONFIGURATION_PORTS  |                      DISABLE**  |
+---------------------------------+---------------------------------+
|                  CONFIGURATION  |                          CFG**  |
+---------------------------------+---------------------------------+
|                COMPRESS_CONFIG  |                           ON**  |
+---------------------------------+---------------------------------+
|                        MY_ASSP  |                          OFF**  |
+---------------------------------+---------------------------------+
|               ONE_TIME_PROGRAM  |                          OFF**  |
+---------------------------------+---------------------------------+
|                 ENABLE_TRANSFR  |                      DISABLE**  |
+---------------------------------+---------------------------------+
|                  SHAREDEBRINIT  |                      DISABLE**  |
+---------------------------------+---------------------------------+
|            BACKGROUND_RECONFIG  |                          OFF**  |
+---------------------------------+---------------------------------+
 *  Default setting.
 ** The specified setting matches the default setting.


Creating bit map...
 
Bitstream Status: Final           Version 1.94.
 
Saving bit stream in "lab2_impl1.bit".

bitgen -f "lab2_impl1.t2b" -w "lab2_impl1.ncd" -jedec "lab2_impl1.prf"


BITGEN: Bitstream Generator Diamond (64-bit) 3.10.0.111.2
Copyright (c) 1991-1994 by NeoCAD Inc. All rights reserved.
Copyright (c) 1995 AT&T Corp.   All rights reserved.
Copyright (c) 1995-2001 Lucent Technologies Inc.  All rights reserved.
Copyright (c) 2001 Agere Systems   All rights reserved.
Copyright (c) 2002-2017 Lattice Semiconductor Corporation,  All rights reserved.


Loading design for application Bitgen from file lab2_impl1.ncd.
Design name: Lab2
NCD version: 3.3
Vendor:      LATTICE
Device:      LCMXO2-4000HC
Package:     CSBGA132
Performance: 4
Loading device for application Bitgen from file 'xo2c4000.nph' in environment: E:/Diamond/diamond/3.10_x64/ispfpga.
Package Status:                     Final          Version 1.44.
Performance Hardware Data Status:   Final          Version 34.4.

Running DRC.
DRC detected 0 errors and 0 warnings.
Reading Preference File from lab2_impl1.prf.

Preference Summary:
+---------------------------------+---------------------------------+
|  Preference                     |  Current Setting                |
+---------------------------------+---------------------------------+
|                         RamCfg  |                        Reset**  |
+---------------------------------+---------------------------------+
|                     MCCLK_FREQ  |                         2.08**  |
+---------------------------------+---------------------------------+
|                  CONFIG_SECURE  |                          OFF**  |
+---------------------------------+---------------------------------+
|                          INBUF  |                           ON**  |
+---------------------------------+---------------------------------+
|                      JTAG_PORT  |                       ENABLE**  |
+---------------------------------+---------------------------------+
|                       SDM_PORT  |                      DISABLE**  |
+---------------------------------+---------------------------------+
|                 SLAVE_SPI_PORT  |                      DISABLE**  |
+---------------------------------+---------------------------------+
|                MASTER_SPI_PORT  |                      DISABLE**  |
+---------------------------------+---------------------------------+
|                       I2C_PORT  |                      DISABLE**  |
+---------------------------------+---------------------------------+
|        MUX_CONFIGURATION_PORTS  |                      DISABLE**  |
+---------------------------------+---------------------------------+
|                  CONFIGURATION  |                          CFG**  |
+---------------------------------+---------------------------------+
|                COMPRESS_CONFIG  |                           ON**  |
+---------------------------------+---------------------------------+
|                        MY_ASSP  |                          OFF**  |
+---------------------------------+---------------------------------+
|               ONE_TIME_PROGRAM  |                          OFF**  |
+---------------------------------+---------------------------------+
|                 ENABLE_TRANSFR  |                      DISABLE**  |
+---------------------------------+---------------------------------+
|                  SHAREDEBRINIT  |                      DISABLE**  |
+---------------------------------+---------------------------------+
|            BACKGROUND_RECONFIG  |                          OFF**  |
+---------------------------------+---------------------------------+
 *  Default setting.
 ** The specified setting matches the default setting.


Creating bit map...
 
Bitstream Status: Final           Version 1.94.
 
Saving bit stream in "lab2_impl1.jed".
 
===========
UFM Summary.
===========
UFM Size:        767 Pages (128*767 Bits).
UFM Utilization: General Purpose Flash Memory.
 
Available General Purpose Flash Memory:  767 Pages (Page 0 to Page 766).
Initialized UFM Pages:                     0 Page.
 
